2021-09-15 18:40:29,109 **************Starting Category ['Headsets']             - Number: 95. 0 Categories Scraped So Far
2021-09-15 18:40:29,969 Scraping 10 pages of ads......
2021-09-15 18:40:33,612 Extracting ad data from 182 ads
2021-09-15 18:40:41,083 Adding 0 new ads to base data
2021-09-15 18:40:41,084 Extracting ad data from 0 potentially sold ads
2021-09-15 18:40:41,087 Found 0 sold ads, 0 removed ads
2021-09-15 18:40:41,110 *************Finished Category ['Headsets']
2021-09-15 18:40:41,110 **************Starting Category ['Handle Bars ( 35 mm )']             - Number: 86. 1 Categories Scraped So Far
2021-09-15 18:40:41,676 Scraping 13 pages of ads......
2021-09-15 18:40:43,199 Extracting ad data from 258 ads
2021-09-15 18:40:54,071 Adding 0 new ads to base data
2021-09-15 18:40:54,072 Extracting ad data from 0 potentially sold ads
2021-09-15 18:40:54,075 Found 1 sold ads, 0 removed ads
2021-09-15 18:40:54,119 *************Finished Category ['Handle Bars ( 35 mm )']
2021-09-15 18:40:54,119 **************Starting Category ['Kids Bikes']             - Number: 4. 2 Categories Scraped So Far
2021-09-15 18:40:54,535 Scraping 35 pages of ads......
2021-09-15 18:40:58,486 Extracting ad data from 699 ads
2021-09-15 18:41:06,137 Adding 1 new ads to base data
2021-09-15 18:41:06,139 Extracting ad data from 0 potentially sold ads
2021-09-15 18:41:06,142 Found 0 sold ads, 0 removed ads
2021-09-15 18:41:06,191 *************Finished Category ['Kids Bikes']
2021-09-15 18:41:06,192 **************Starting Category ['Rear Shock Springs']             - Number: 84. 3 Categories Scraped So Far
2021-09-15 18:41:06,627 Scraping 15 pages of ads......
2021-09-15 18:41:08,380 Extracting ad data from 296 ads
2021-09-15 18:41:18,001 Adding 0 new ads to base data
2021-09-15 18:41:18,002 Extracting ad data from 0 potentially sold ads
2021-09-15 18:41:18,005 Found 0 sold ads, 0 removed ads
2021-09-15 18:41:18,029 *************Finished Category ['Rear Shock Springs']
2021-09-15 18:41:18,029 **************Starting Category ['Video/Photo gear']             - Number: 48. 4 Categories Scraped So Far
2021-09-15 18:41:18,566 Scraping 4 pages of ads......
2021-09-15 18:41:19,286 Extracting ad data from 67 ads
2021-09-15 18:41:21,140 Adding 0 new ads to base data
2021-09-15 18:41:21,141 Extracting ad data from 0 potentially sold ads
2021-09-15 18:41:21,144 Found 0 sold ads, 0 removed ads
2021-09-15 18:41:21,164 *************Finished Category ['Video/Photo gear']
2021-09-15 18:41:21,164 **************Starting Category ['Fat Bike Parts']             - Number: 73. 5 Categories Scraped So Far
2021-09-15 18:41:21,667 Scraping 4 pages of ads......
2021-09-15 18:41:22,251 Extracting ad data from 79 ads
2021-09-15 18:41:24,125 Adding 1 new ads to base data
2021-09-15 18:41:24,126 Extracting ad data from 0 potentially sold ads
2021-09-15 18:41:24,130 Found 0 sold ads, 0 removed ads
2021-09-15 18:41:24,150 *************Finished Category ['Fat Bike Parts']
2021-09-15 18:41:24,150 **************Starting Category ['Rear Shocks ( Air )']             - Number: 11. 6 Categories Scraped So Far
2021-09-15 18:41:24,582 Scraping 51 pages of ads......
2021-09-15 18:41:29,629 Extracting ad data from 1018 ads
2021-09-15 18:41:57,825 2 changes across 2 ads
2021-09-15 18:41:57,943 Adding 4 new ads to base data
2021-09-15 18:41:57,945 Extracting ad data from 0 potentially sold ads
2021-09-15 18:41:57,947 Found 1 sold ads, 0 removed ads
2021-09-15 18:41:58,019 *************Finished Category ['Rear Shocks ( Air )']
2021-09-15 18:41:58,020 **************Starting Category ['Vintage Bikes']             - Number: 99. 7 Categories Scraped So Far
2021-09-15 18:41:58,590 Scraping 41 pages of ads......
2021-09-15 18:42:03,926 Extracting ad data from 820 ads
2021-09-15 18:42:11,259 Adding 1 new ads to base data
2021-09-15 18:42:11,261 Extracting ad data from 0 potentially sold ads
2021-09-15 18:42:11,264 Found 0 sold ads, 0 removed ads
2021-09-15 18:42:11,325 *************Finished Category ['Vintage Bikes']
2021-09-15 18:42:11,325 **************Starting Category ['Rear Shock Parts']             - Number: 88. 8 Categories Scraped So Far
2021-09-15 18:42:11,759 Scraping 6 pages of ads......
2021-09-15 18:42:12,467 Extracting ad data from 105 ads
2021-09-15 18:42:15,086 Adding 0 new ads to base data
2021-09-15 18:42:15,088 Extracting ad data from 0 potentially sold ads
2021-09-15 18:42:15,091 Found 0 sold ads, 0 removed ads
2021-09-15 18:42:15,110 *************Finished Category ['Rear Shock Parts']
2021-09-15 18:42:15,110 **************Starting Category ['BMX Bars/Grips/Stems']             - Number: 58. 9 Categories Scraped So Far
2021-09-15 18:42:15,523 Scraping 2 pages of ads......
2021-09-15 18:42:16,196 Extracting ad data from 22 ads
2021-09-15 18:42:19,004 2 changes across 2 ads
2021-09-15 18:42:19,116 Adding 0 new ads to base data
2021-09-15 18:42:19,117 Extracting ad data from 0 potentially sold ads
2021-09-15 18:42:19,120 Found 0 sold ads, 0 removed ads
2021-09-15 18:42:19,137 *************Finished Category ['BMX Bars/Grips/Stems']
2021-09-15 18:42:19,137 **************Starting Category ['BMX Pedals']             - Number: 61. 10 Categories Scraped So Far
2021-09-15 18:42:19,509 Scraping 1 pages of ads......
2021-09-15 18:42:20,186 Extracting ad data from 4 ads
2021-09-15 18:42:20,441 **************Starting Category ['Bike Racks']             - Number: 43. 10 Categories Scraped So Far
2021-09-15 18:42:20,915 Scraping 23 pages of ads......
2021-09-15 18:42:24,397 Extracting ad data from 444 ads
2021-09-15 18:42:32,659 Adding 1 new ads to base data
2021-09-15 18:42:32,661 Extracting ad data from 0 potentially sold ads
2021-09-15 18:42:32,663 Found 0 sold ads, 0 removed ads
2021-09-15 18:42:32,700 *************Finished Category ['Bike Racks']
2021-09-15 18:42:32,700 **************Starting Category ['Gravel/CX Parts']             - Number: 79. 11 Categories Scraped So Far
2021-09-15 18:42:33,280 Scraping 12 pages of ads......
2021-09-15 18:42:35,731 Extracting ad data from 223 ads
2021-09-15 18:42:42,982 Adding 0 new ads to base data
2021-09-15 18:42:42,985 Extracting ad data from 0 potentially sold ads
2021-09-15 18:42:42,987 Found 0 sold ads, 0 removed ads
2021-09-15 18:42:43,010 *************Finished Category ['Gravel/CX Parts']
2021-09-15 18:42:43,010 **************Starting Category ['Stems']             - Number: 19. 12 Categories Scraped So Far
2021-09-15 18:42:43,417 Scraping 42 pages of ads......
2021-09-15 18:42:47,526 Extracting ad data from 831 ads
2021-09-15 18:43:13,350 Adding 0 new ads to base data
2021-09-15 18:43:13,351 Extracting ad data from 0 potentially sold ads
2021-09-15 18:43:13,354 Found 1 sold ads, 0 removed ads
2021-09-15 18:43:13,410 *************Finished Category ['Stems']
2021-09-15 18:43:13,411 **************Starting Category ['Gravel/CX Frames']             - Number: 78. 13 Categories Scraped So Far
2021-09-15 18:43:15,423 Scraping 5 pages of ads......
2021-09-15 18:43:17,521 Extracting ad data from 88 ads
2021-09-15 18:43:22,154 Adding 0 new ads to base data
2021-09-15 18:43:22,155 Extracting ad data from 0 potentially sold ads
2021-09-15 18:43:22,159 Found 0 sold ads, 0 removed ads
2021-09-15 18:43:22,180 *************Finished Category ['Gravel/CX Frames']
2021-09-15 18:43:22,181 **************Starting Category ['Music/Guitar/Amps']             - Number: 50. 14 Categories Scraped So Far
2021-09-15 18:43:22,562 Scraping 1 pages of ads......
2021-09-15 18:43:23,013 Extracting ad data from 11 ads
2021-09-15 18:43:23,350 **************Starting Category ['Vintage Frames']             - Number: 100. 14 Categories Scraped So Far
2021-09-15 18:43:23,880 Scraping 7 pages of ads......
2021-09-15 18:43:25,607 Extracting ad data from 136 ads
2021-09-15 18:43:28,455 Adding 0 new ads to base data
2021-09-15 18:43:28,458 Extracting ad data from 0 potentially sold ads
2021-09-15 18:43:28,465 Found 0 sold ads, 0 removed ads
2021-09-15 18:43:28,635 *************Finished Category ['Vintage Frames']
2021-09-15 18:43:28,635 **************Starting Category ['Fork Parts / Springs']             - Number: 87. 15 Categories Scraped So Far
2021-09-15 18:43:29,119 Scraping 35 pages of ads......
2021-09-15 18:43:33,323 Extracting ad data from 689 ads
2021-09-15 18:43:43,358 Adding 0 new ads to base data
2021-09-15 18:43:43,359 Extracting ad data from 0 potentially sold ads
2021-09-15 18:43:43,361 Found 1 sold ads, 0 removed ads
2021-09-15 18:43:43,421 *************Finished Category ['Fork Parts / Springs']
2021-09-15 18:43:43,422 **************Starting Category ['Trials Parts']             - Number: 31. 16 Categories Scraped So Far
2021-09-15 18:43:43,892 Scraping 2 pages of ads......
2021-09-15 18:43:44,503 Extracting ad data from 25 ads
2021-09-15 18:43:44,922 **************Starting Category ['Trucks/Cars']             - Number: 37. 16 Categories Scraped So Far
2021-09-15 18:43:45,443 Scraping 1 pages of ads......
2021-09-15 18:43:45,899 Extracting ad data from 18 ads
2021-09-15 18:43:48,203 Adding 0 new ads to base data
2021-09-15 18:43:48,204 Extracting ad data from 0 potentially sold ads
2021-09-15 18:43:48,206 Found 0 sold ads, 0 removed ads
2021-09-15 18:43:48,224 *************Finished Category ['Trucks/Cars']
2021-09-15 18:43:48,224 **************Starting Category ['Handle Bars ( 31.8 mm )']             - Number: 20. 17 Categories Scraped So Far
2021-09-15 18:43:48,778 Scraping 22 pages of ads......
2021-09-15 18:43:51,188 Extracting ad data from 435 ads
2021-09-15 18:44:00,144 3 changes across 2 ads
2021-09-15 18:44:00,255 Adding 6 new ads to base data
2021-09-15 18:44:00,256 Extracting ad data from 1 potentially sold ads
2021-09-15 18:44:00,730 Found 1 sold ads, 0 removed ads
2021-09-15 18:44:00,777 *************Finished Category ['Handle Bars ( 31.8 mm )']
2021-09-15 18:44:00,777 **************Starting Category ['E-Bikes Road/Gravel']             - Number: 64. 18 Categories Scraped So Far
2021-09-15 18:44:01,199 Scraping 6 pages of ads......
2021-09-15 18:44:01,961 Extracting ad data from 102 ads
2021-09-15 18:44:04,068 Adding 0 new ads to base data
2021-09-15 18:44:04,069 Extracting ad data from 0 potentially sold ads
2021-09-15 18:44:04,072 Found 0 sold ads, 0 removed ads
2021-09-15 18:44:04,096 *************Finished Category ['E-Bikes Road/Gravel']
2021-09-15 18:44:04,097 **************Starting Category []             - Number: 89. 19 Categories Scraped So Far
2021-09-15 18:44:04,596 Scraping 1 pages of ads......
2021-09-15 18:44:05,192 Extracting ad data from 0 ads
2021-09-15 18:44:05,195 **************Starting Category ['Cassettes']             - Number: 91. 19 Categories Scraped So Far
2021-09-15 18:44:05,718 Scraping 17 pages of ads......
2021-09-15 18:44:08,436 Extracting ad data from 324 ads
2021-09-15 18:44:23,805 Adding 1 new ads to base data
2021-09-15 18:44:23,806 Extracting ad data from 0 potentially sold ads
2021-09-15 18:44:23,809 Found 0 sold ads, 0 removed ads
2021-09-15 18:44:23,836 *************Finished Category ['Cassettes']
2021-09-15 18:44:23,837 **************Starting Category ['Bottom Brackets']             - Number: 94. 20 Categories Scraped So Far
2021-09-15 18:44:24,257 Scraping 11 pages of ads......
2021-09-15 18:44:25,628 Extracting ad data from 211 ads
2021-09-15 18:44:31,403 Adding 0 new ads to base data
2021-09-15 18:44:31,404 Extracting ad data from 0 potentially sold ads
2021-09-15 18:44:31,406 Found 0 sold ads, 0 removed ads
2021-09-15 18:44:31,429 *************Finished Category ['Bottom Brackets']
2021-09-15 18:44:31,429 **************Starting Category ['MX Bikes/Quads']             - Number: 35. 21 Categories Scraped So Far
2021-09-15 18:44:32,085 Scraping 2 pages of ads......
2021-09-15 18:44:32,779 Extracting ad data from 21 ads
2021-09-15 18:44:33,409 Adding 1 new ads to base data
2021-09-15 18:44:33,411 Extracting ad data from 0 potentially sold ads
2021-09-15 18:44:33,413 Found 0 sold ads, 0 removed ads
2021-09-15 18:44:33,432 *************Finished Category ['MX Bikes/Quads']
2021-09-15 18:44:33,433 **************Starting Category ['Wanted Ads']             - Number: 53. 22 Categories Scraped So Far
2021-09-15 18:44:33,853 Scraping 41 pages of ads......
2021-09-15 18:44:38,246 Extracting ad data from 813 ads
2021-09-15 18:44:44,839 Adding 1 new ads to base data
2021-09-15 18:44:44,841 Extracting ad data from 0 potentially sold ads
2021-09-15 18:44:44,844 Found 0 sold ads, 0 removed ads
2021-09-15 18:44:44,881 *************Finished Category ['Wanted Ads']
2021-09-15 18:44:44,881 **************Starting Category ['Wheels ( with Hubs )']             - Number: 12. 23 Categories Scraped So Far
2021-09-15 18:44:45,467 Scraping 89 pages of ads......
2021-09-15 18:44:54,178 Extracting ad data from 1763 ads
2021-09-15 18:46:04,919 5 changes across 4 ads
2021-09-15 18:46:05,039 Adding 35 new ads to base data
2021-09-15 18:46:05,041 Extracting ad data from 0 potentially sold ads
2021-09-15 18:46:05,043 Found 3 sold ads, 0 removed ads
2021-09-15 18:46:05,149 *************Finished Category ['Wheels ( with Hubs )']
2021-09-15 18:46:05,149 **************Starting Category ['DH Frames']             - Number: 5. 24 Categories Scraped So Far
2021-09-15 18:46:05,714 Scraping 9 pages of ads......
2021-09-15 18:46:07,641 Extracting ad data from 169 ads
2021-09-15 18:46:12,685 Adding 0 new ads to base data
2021-09-15 18:46:12,687 Extracting ad data from 0 potentially sold ads
2021-09-15 18:46:12,689 Found 0 sold ads, 0 removed ads
2021-09-15 18:46:12,717 *************Finished Category ['DH Frames']
2021-09-15 18:46:12,717 **************Starting Category ['Drivetrain Groupset']             - Number: 92. 25 Categories Scraped So Far
2021-09-15 18:46:13,170 Scraping 11 pages of ads......
2021-09-15 18:46:14,964 Extracting ad data from 202 ads
2021-09-15 18:46:23,911 Adding 0 new ads to base data
2021-09-15 18:46:23,913 Extracting ad data from 0 potentially sold ads
2021-09-15 18:46:23,915 Found 1 sold ads, 0 removed ads
2021-09-15 18:46:23,963 *************Finished Category ['Drivetrain Groupset']
2021-09-15 18:46:23,963 **************Starting Category ['Fat Bike Frames']             - Number: 72. 26 Categories Scraped So Far
2021-09-15 18:46:24,363 Scraping 1 pages of ads......
2021-09-15 18:46:24,813 Extracting ad data from 16 ads
2021-09-15 18:46:25,144 **************Starting Category ['Backpacks']             - Number: 66. 26 Categories Scraped So Far
2021-09-15 18:46:25,547 Scraping 5 pages of ads......
2021-09-15 18:46:26,223 Extracting ad data from 98 ads
2021-09-15 18:46:27,025 Adding 0 new ads to base data
2021-09-15 18:46:27,026 Extracting ad data from 0 potentially sold ads
2021-09-15 18:46:27,028 Found 0 sold ads, 0 removed ads
2021-09-15 18:46:27,051 *************Finished Category ['Backpacks']
2021-09-15 18:46:27,051 **************Starting Category ['BMX Hubs']             - Number: 60. 27 Categories Scraped So Far
2021-09-15 18:46:27,532 Scraping 1 pages of ads......
2021-09-15 18:46:27,932 Extracting ad data from 10 ads
2021-09-15 18:46:28,177 **************Starting Category ['BMX Seat/Post/Clamps']             - Number: 57. 27 Categories Scraped So Far
2021-09-15 18:46:28,583 Scraping 1 pages of ads......
2021-09-15 18:46:28,987 Extracting ad data from 15 ads
2021-09-15 18:46:30,160 Adding 0 new ads to base data
2021-09-15 18:46:30,161 Extracting ad data from 0 potentially sold ads
2021-09-15 18:46:30,165 Found 0 sold ads, 0 removed ads
2021-09-15 18:46:30,182 *************Finished Category ['BMX Seat/Post/Clamps']
2021-09-15 18:46:30,182 **************Starting Category ['XC Bikes']             - Number: 75. 28 Categories Scraped So Far
2021-09-15 18:46:30,617 Scraping 99 pages of ads......
2021-09-15 18:46:41,994 Extracting ad data from 1961 ads
2021-09-15 18:47:20,860 7 changes across 5 ads
2021-09-15 18:47:20,980 Adding 8 new ads to base data
2021-09-15 18:47:20,981 Extracting ad data from 1 potentially sold ads
2021-09-15 18:47:21,228 Found 4 sold ads, 0 removed ads
2021-09-15 18:47:21,382 *************Finished Category ['XC Bikes']
2021-09-15 18:47:21,382 **************Starting Category ['E-Bikes Urban/Commuter']             - Number: 63. 29 Categories Scraped So Far
2021-09-15 18:47:21,936 Scraping 13 pages of ads......
2021-09-15 18:47:23,708 Extracting ad data from 245 ads
2021-09-15 18:47:25,234 Adding 0 new ads to base data
2021-09-15 18:47:25,235 Extracting ad data from 0 potentially sold ads
2021-09-15 18:47:25,238 Found 0 sold ads, 0 removed ads
2021-09-15 18:47:25,269 *************Finished Category ['E-Bikes Urban/Commuter']
2021-09-15 18:47:25,269 **************Starting Category ['Chain Guides']             - Number: 93. 30 Categories Scraped So Far
2021-09-15 18:47:25,672 Scraping 7 pages of ads......
2021-09-15 18:47:26,408 Extracting ad data from 140 ads
2021-09-15 18:47:31,546 Adding 0 new ads to base data
2021-09-15 18:47:31,548 Extracting ad data from 0 potentially sold ads
2021-09-15 18:47:31,550 Found 0 sold ads, 0 removed ads
2021-09-15 18:47:31,572 *************Finished Category ['Chain Guides']
2021-09-15 18:47:31,572 **************Starting Category ['XC Frames']             - Number: 76. 31 Categories Scraped So Far
2021-09-15 18:47:31,986 Scraping 10 pages of ads......
2021-09-15 18:47:33,382 Extracting ad data from 191 ads
2021-09-15 18:47:42,905 4 changes across 3 ads
2021-09-15 18:47:43,018 Adding 5 new ads to base data
2021-09-15 18:47:43,019 Extracting ad data from 4 potentially sold ads
2021-09-15 18:47:44,033 Found 3 sold ads, 2 removed ads
2021-09-15 18:47:44,077 *************Finished Category ['XC Frames']
2021-09-15 18:47:44,077 **************Starting Category ['BMX Forks/Headsets/Pegs']             - Number: 55. 32 Categories Scraped So Far
2021-09-15 18:47:44,473 Scraping 1 pages of ads......
2021-09-15 18:47:44,913 Extracting ad data from 13 ads
2021-09-15 18:47:46,973 Adding 0 new ads to base data
2021-09-15 18:47:46,974 Extracting ad data from 0 potentially sold ads
2021-09-15 18:47:46,976 Found 0 sold ads, 0 removed ads
2021-09-15 18:47:46,994 *************Finished Category ['BMX Forks/Headsets/Pegs']
2021-09-15 18:47:46,994 **************Starting Category ['IPODs/Music Players']             - Number: 49. 33 Categories Scraped So Far
2021-09-15 18:47:47,416 Scraping 1 pages of ads......
2021-09-15 18:47:48,014 Extracting ad data from 3 ads
2021-09-15 18:47:48,499 Adding 0 new ads to base data
2021-09-15 18:47:48,500 Extracting ad data from 0 potentially sold ads
2021-09-15 18:47:48,503 Found 0 sold ads, 0 removed ads
2021-09-15 18:47:48,529 *************Finished Category ['IPODs/Music Players']
2021-09-15 18:47:48,529 **************Starting Category ['Trials Bikes']             - Number: 29. 34 Categories Scraped So Far
2021-09-15 18:47:48,965 Scraping 2 pages of ads......
2021-09-15 18:47:49,506 Extracting ad data from 39 ads
2021-09-15 18:47:50,138 Adding 1 new ads to base data
2021-09-15 18:47:50,139 Extracting ad data from 0 potentially sold ads
2021-09-15 18:47:50,142 Found 0 sold ads, 0 removed ads
2021-09-15 18:47:50,163 *************Finished Category ['Trials Bikes']
2021-09-15 18:47:50,163 **************Starting Category ['Tools/Bike Stands']             - Number: 46. 35 Categories Scraped So Far
2021-09-15 18:47:50,572 Scraping 14 pages of ads......
2021-09-15 18:47:52,276 Extracting ad data from 267 ads
2021-09-15 18:48:00,483 Adding 0 new ads to base data
2021-09-15 18:48:00,484 Extracting ad data from 0 potentially sold ads
2021-09-15 18:48:00,486 Found 0 sold ads, 0 removed ads
2021-09-15 18:48:00,513 *************Finished Category ['Tools/Bike Stands']
2021-09-15 18:48:00,513 **************Starting Category ['Wheels ( Rims only )']             - Number: 96. 36 Categories Scraped So Far
2021-09-15 18:48:00,922 Scraping 11 pages of ads......
2021-09-15 18:48:02,226 Extracting ad data from 200 ads
2021-09-15 18:48:26,568 62 changes across 59 ads
2021-09-15 18:48:26,688 Adding 12 new ads to base data
2021-09-15 18:48:26,689 Extracting ad data from 8 potentially sold ads
2021-09-15 18:48:29,305 Found 7 sold ads, 2 removed ads
2021-09-15 18:48:29,346 *************Finished Category ['Wheels ( Rims only )']
2021-09-15 18:48:29,346 **************Starting Category ['DJ/Street/Park Frames']             - Number: 7. 37 Categories Scraped So Far
2021-09-15 18:48:29,816 Scraping 8 pages of ads......
2021-09-15 18:48:30,673 Extracting ad data from 142 ads
2021-09-15 18:48:36,111 Adding 0 new ads to base data
2021-09-15 18:48:36,112 Extracting ad data from 0 potentially sold ads
2021-09-15 18:48:36,116 Found 0 sold ads, 0 removed ads
2021-09-15 18:48:36,145 *************Finished Category ['DJ/Street/Park Frames']
2021-09-15 18:48:36,145 **************Starting Category ['Trades']             - Number: 54. 38 Categories Scraped So Far
2021-09-15 18:48:36,597 Scraping 5 pages of ads......
2021-09-15 18:48:37,458 Extracting ad data from 83 ads
2021-09-15 18:48:38,205 Adding 0 new ads to base data
2021-09-15 18:48:38,208 Extracting ad data from 2 potentially sold ads
2021-09-15 18:48:39,170 Found 2 sold ads, 0 removed ads
2021-09-15 18:48:39,250 *************Finished Category ['Trades']
2021-09-15 18:48:39,250 **************Starting Category ['Snowboard']             - Number: 33. 39 Categories Scraped So Far
2021-09-15 18:48:39,658 Scraping 3 pages of ads......
2021-09-15 18:48:40,329 Extracting ad data from 58 ads
2021-09-15 18:48:40,637 **************Starting Category ['Shifters/Derailleurs']             - Number: 17. 39 Categories Scraped So Far
2021-09-15 18:48:41,244 Scraping 42 pages of ads......
2021-09-15 18:48:46,471 Extracting ad data from 838 ads
2021-09-15 18:49:28,036 Adding 2 new ads to base data
2021-09-15 18:49:28,038 Extracting ad data from 0 potentially sold ads
2021-09-15 18:49:28,040 Found 2 sold ads, 0 removed ads
2021-09-15 18:49:28,106 *************Finished Category ['Shifters/Derailleurs']
2021-09-15 18:49:28,107 **************Starting Category ['Work Wanted']             - Number: 70. 40 Categories Scraped So Far
2021-09-15 18:49:28,497 Scraping 1 pages of ads......
2021-09-15 18:49:29,142 Extracting ad data from 20 ads
2021-09-15 18:49:31,639 Adding 0 new ads to base data
2021-09-15 18:49:31,640 Extracting ad data from 0 potentially sold ads
2021-09-15 18:49:31,642 Found 0 sold ads, 0 removed ads
2021-09-15 18:49:31,661 *************Finished Category ['Work Wanted']
2021-09-15 18:49:31,661 **************Starting Category ['Stolen Bikes/Parts']             - Number: 68. 41 Categories Scraped So Far
2021-09-15 18:49:32,069 Scraping 12 pages of ads......
2021-09-15 18:49:33,361 Extracting ad data from 234 ads
2021-09-15 18:49:35,010 Adding 1 new ads to base data
2021-09-15 18:49:35,011 Extracting ad data from 0 potentially sold ads
2021-09-15 18:49:35,014 Found 0 sold ads, 0 removed ads
2021-09-15 18:49:35,043 *************Finished Category ['Stolen Bikes/Parts']
2021-09-15 18:49:35,043 **************Starting Category ['Fat Bikes']             - Number: 71. 42 Categories Scraped So Far
2021-09-15 18:49:35,539 Scraping 7 pages of ads......
2021-09-15 18:49:36,427 Extracting ad data from 126 ads
2021-09-15 18:49:40,765 Adding 0 new ads to base data
2021-09-15 18:49:40,766 Extracting ad data from 0 potentially sold ads
2021-09-15 18:49:40,768 Found 1 sold ads, 0 removed ads
2021-09-15 18:49:40,810 *************Finished Category ['Fat Bikes']
2021-09-15 18:49:40,810 **************Starting Category ['E-Bikes MTB']             - Number: 74. 43 Categories Scraped So Far
2021-09-15 18:49:41,343 Scraping 28 pages of ads......
2021-09-15 18:49:46,300 Extracting ad data from 544 ads
2021-09-15 18:50:00,434 Adding 2 new ads to base data
2021-09-15 18:50:00,436 Extracting ad data from 0 potentially sold ads
2021-09-15 18:50:00,439 Found 1 sold ads, 0 removed ads
2021-09-15 18:50:00,508 *************Finished Category ['E-Bikes MTB']
2021-09-15 18:50:00,508 **************Starting Category ['Paintball']             - Number: 51. 44 Categories Scraped So Far
2021-09-15 18:50:00,915 Scraping 1 pages of ads......
2021-09-15 18:50:01,434 Extracting ad data from 11 ads
2021-09-15 18:50:02,107 Adding 0 new ads to base data
2021-09-15 18:50:02,108 Extracting ad data from 0 potentially sold ads
2021-09-15 18:50:02,112 Found 0 sold ads, 0 removed ads
2021-09-15 18:50:02,136 *************Finished Category ['Paintball']
2021-09-15 18:50:02,136 **************Starting Category ['Ski']             - Number: 32. 45 Categories Scraped So Far
2021-09-15 18:50:02,590 Scraping 5 pages of ads......
2021-09-15 18:50:03,182 Extracting ad data from 81 ads
2021-09-15 18:50:08,367 12 changes across 12 ads
2021-09-15 18:50:08,482 Adding 3 new ads to base data
2021-09-15 18:50:08,483 Extracting ad data from 2 potentially sold ads
2021-09-15 18:50:09,084 Found 2 sold ads, 0 removed ads
2021-09-15 18:50:09,121 *************Finished Category ['Ski']
2021-09-15 18:50:09,121 **************Starting Category ['BMX Bikes']             - Number: 23. 46 Categories Scraped So Far
2021-09-15 18:50:09,537 Scraping 21 pages of ads......
2021-09-15 18:50:12,518 Extracting ad data from 410 ads
2021-09-15 18:50:16,343 Adding 1 new ads to base data
2021-09-15 18:50:16,345 Extracting ad data from 0 potentially sold ads
2021-09-15 18:50:16,347 Found 0 sold ads, 0 removed ads
2021-09-15 18:50:16,381 *************Finished Category ['BMX Bikes']
2021-09-15 18:50:16,381 **************Starting Category ['Gravel/CX Bikes']             - Number: 77. 47 Categories Scraped So Far
2021-09-15 18:50:16,994 Scraping 42 pages of ads......
2021-09-15 18:50:21,649 Extracting ad data from 829 ads
2021-09-15 18:50:38,174 2 changes across 2 ads
2021-09-15 18:50:38,288 Adding 4 new ads to base data
2021-09-15 18:50:38,290 Extracting ad data from 0 potentially sold ads
2021-09-15 18:50:38,293 Found 2 sold ads, 0 removed ads
2021-09-15 18:50:38,382 *************Finished Category ['Gravel/CX Bikes']
2021-09-15 18:50:38,382 **************Starting Category ['E-Bike Parts']             - Number: 65. 48 Categories Scraped So Far
2021-09-15 18:50:38,786 Scraping 4 pages of ads......
2021-09-15 18:50:39,490 Extracting ad data from 73 ads
2021-09-15 18:50:42,273 Adding 1 new ads to base data
2021-09-15 18:50:42,275 Extracting ad data from 0 potentially sold ads
2021-09-15 18:50:42,277 Found 0 sold ads, 0 removed ads
2021-09-15 18:50:42,296 *************Finished Category ['E-Bike Parts']
2021-09-15 18:50:42,296 **************Starting Category ['Road Frames']             - Number: 27. 49 Categories Scraped So Far
2021-09-15 18:50:42,967 Scraping 16 pages of ads......
2021-09-15 18:50:44,983 Extracting ad data from 309 ads
2021-09-15 18:50:51,255 1 changes across 1 ads
2021-09-15 18:50:51,369 Adding 1 new ads to base data
2021-09-15 18:50:51,371 Extracting ad data from 0 potentially sold ads
2021-09-15 18:50:51,373 Found 1 sold ads, 0 removed ads
2021-09-15 18:50:51,424 *************Finished Category ['Road Frames']
2021-09-15 18:50:51,425 **************Starting Category ['Road Bikes']             - Number: 26. 50 Categories Scraped So Far
2021-09-15 18:50:52,275 Scraping 167 pages of ads......
2021-09-15 18:51:11,743 Extracting ad data from 3330 ads
2021-09-15 18:51:47,731 Adding 3 new ads to base data
2021-09-15 18:51:47,734 Extracting ad data from 0 potentially sold ads
2021-09-15 18:51:47,736 Found 1 sold ads, 0 removed ads
2021-09-15 18:51:47,950 *************Finished Category ['Road Bikes']
2021-09-15 18:51:47,950 **************Starting Category ['Chains']             - Number: 18. 51 Categories Scraped So Far
2021-09-15 18:51:48,442 Scraping 5 pages of ads......
2021-09-15 18:51:49,110 Extracting ad data from 93 ads
2021-09-15 18:51:53,670 Adding 0 new ads to base data
2021-09-15 18:51:53,672 Extracting ad data from 0 potentially sold ads
2021-09-15 18:51:53,674 Found 0 sold ads, 0 removed ads
2021-09-15 18:51:53,692 *************Finished Category ['Chains']
2021-09-15 18:51:53,693 **************Starting Category ['Other']             - Number: 52. 52 Categories Scraped So Far
2021-09-15 18:51:54,159 Scraping 9 pages of ads......
2021-09-15 18:51:56,470 Extracting ad data from 177 ads
2021-09-15 18:52:01,216 Adding 0 new ads to base data
2021-09-15 18:52:01,217 Extracting ad data from 0 potentially sold ads
2021-09-15 18:52:01,221 Found 0 sold ads, 0 removed ads
2021-09-15 18:52:01,243 *************Finished Category ['Other']
2021-09-15 18:52:01,243 **************Starting Category ['Lights']             - Number: 44. 53 Categories Scraped So Far
2021-09-15 18:52:01,982 Scraping 3 pages of ads......
2021-09-15 18:52:02,715 Extracting ad data from 46 ads
2021-09-15 18:52:03,626 Adding 0 new ads to base data
2021-09-15 18:52:03,627 Extracting ad data from 0 potentially sold ads
2021-09-15 18:52:03,630 Found 0 sold ads, 0 removed ads
2021-09-15 18:52:03,649 *************Finished Category ['Lights']
2021-09-15 18:52:03,649 **************Starting Category ['Bike Bags']             - Number: 67. 54 Categories Scraped So Far
2021-09-15 18:52:04,132 Scraping 8 pages of ads......
2021-09-15 18:52:05,074 Extracting ad data from 158 ads
2021-09-15 18:52:10,791 Adding 0 new ads to base data
2021-09-15 18:52:10,793 Extracting ad data from 0 potentially sold ads
2021-09-15 18:52:10,795 Found 0 sold ads, 0 removed ads
2021-09-15 18:52:10,819 *************Finished Category ['Bike Bags']
2021-09-15 18:52:10,820 **************Starting Category ['Spokes']             - Number: 97. 55 Categories Scraped So Far
2021-09-15 18:52:11,226 Scraping 2 pages of ads......
2021-09-15 18:52:11,718 Extracting ad data from 32 ads
2021-09-15 18:52:16,265 13 changes across 13 ads
2021-09-15 18:52:16,375 Adding 0 new ads to base data
2021-09-15 18:52:16,376 Extracting ad data from 1 potentially sold ads
2021-09-15 18:52:16,770 Found 1 sold ads, 0 removed ads
2021-09-15 18:52:16,804 *************Finished Category ['Spokes']
2021-09-15 18:52:16,804 **************Starting Category ['All Mountain/Enduro Bikes']             - Number: 2. 56 Categories Scraped So Far
2021-09-15 18:52:17,448 Scraping 415 pages of ads......
2021-09-15 18:53:14,041 Extracting ad data from 8288 ads
2021-09-15 18:56:15,521 Adding 18 new ads to base data
2021-09-15 18:56:15,525 Extracting ad data from 2 potentially sold ads
2021-09-15 18:56:16,378 Found 6 sold ads, 2 removed ads
2021-09-15 18:56:16,902 *************Finished Category ['All Mountain/Enduro Bikes']
2021-09-15 18:56:16,903 **************Starting Category ['GPS/Speedometers']             - Number: 45. 57 Categories Scraped So Far
2021-09-15 18:56:17,456 Scraping 6 pages of ads......
2021-09-15 18:56:18,273 Extracting ad data from 105 ads
2021-09-15 18:56:21,121 Adding 0 new ads to base data
2021-09-15 18:56:21,122 Extracting ad data from 0 potentially sold ads
2021-09-15 18:56:21,125 Found 0 sold ads, 0 removed ads
2021-09-15 18:56:21,145 *************Finished Category ['GPS/Speedometers']
2021-09-15 18:56:21,145 **************Starting Category ['Dual Crown Forks']             - Number: 8. 58 Categories Scraped So Far
2021-09-15 18:56:21,567 Scraping 7 pages of ads......
2021-09-15 18:56:22,532 Extracting ad data from 129 ads
2021-09-15 18:56:26,050 Adding 0 new ads to base data
2021-09-15 18:56:26,051 Extracting ad data from 0 potentially sold ads
2021-09-15 18:56:26,055 Found 1 sold ads, 0 removed ads
2021-09-15 18:56:26,095 *************Finished Category ['Dual Crown Forks']
2021-09-15 18:56:26,095 **************Starting Category ['Cranks']             - Number: 16. 59 Categories Scraped So Far
2021-09-15 18:56:26,666 Scraping 29 pages of ads......
2021-09-15 18:56:29,744 Extracting ad data from 563 ads
2021-09-15 18:56:45,303 1 changes across 1 ads
2021-09-15 18:56:45,419 Adding 1 new ads to base data
2021-09-15 18:56:45,420 Extracting ad data from 1 potentially sold ads
2021-09-15 18:56:45,654 Found 1 sold ads, 1 removed ads
2021-09-15 18:56:45,709 *************Finished Category ['Cranks']
2021-09-15 18:56:45,709 **************Starting Category ['BMX Brakes']             - Number: 62. 60 Categories Scraped So Far
2021-09-15 18:56:46,358 Scraping 1 pages of ads......
2021-09-15 18:56:46,785 Extracting ad data from 6 ads
2021-09-15 18:56:47,320 Adding 0 new ads to base data
2021-09-15 18:56:47,321 Extracting ad data from 0 potentially sold ads
2021-09-15 18:56:47,325 Found 0 sold ads, 0 removed ads
2021-09-15 18:56:47,346 *************Finished Category ['BMX Brakes']
2021-09-15 18:56:47,346 **************Starting Category ['Grips']             - Number: 98. 61 Categories Scraped So Far
2021-09-15 18:56:47,781 Scraping 6 pages of ads......
2021-09-15 18:56:48,514 Extracting ad data from 120 ads
2021-09-15 18:56:51,686 Adding 0 new ads to base data
2021-09-15 18:56:51,687 Extracting ad data from 0 potentially sold ads
2021-09-15 18:56:51,690 Found 0 sold ads, 0 removed ads
2021-09-15 18:56:51,709 *************Finished Category ['Grips']
2021-09-15 18:56:51,709 **************Starting Category ['BMX Wheels/Rims/Tires']             - Number: 56. 62 Categories Scraped So Far
2021-09-15 18:56:52,207 Scraping 2 pages of ads......
2021-09-15 18:56:52,701 Extracting ad data from 23 ads
2021-09-15 18:56:53,680 Adding 0 new ads to base data
2021-09-15 18:56:53,681 Extracting ad data from 0 potentially sold ads
2021-09-15 18:56:53,684 Found 0 sold ads, 0 removed ads
2021-09-15 18:56:53,706 *************Finished Category ['BMX Wheels/Rims/Tires']
2021-09-15 18:56:53,706 **************Starting Category ['Pedals ( Flat )']             - Number: 85. 63 Categories Scraped So Far
2021-09-15 18:56:54,445 Scraping 10 pages of ads......
2021-09-15 18:56:55,744 Extracting ad data from 183 ads
2021-09-15 18:57:02,384 Adding 0 new ads to base data
2021-09-15 18:57:02,385 Extracting ad data from 0 potentially sold ads
2021-09-15 18:57:02,388 Found 0 sold ads, 0 removed ads
2021-09-15 18:57:02,411 *************Finished Category ['Pedals ( Flat )']
2021-09-15 18:57:02,412 **************Starting Category ['Jobs Shop/Industry']             - Number: 69. 64 Categories Scraped So Far
2021-09-15 18:57:02,866 Scraping 5 pages of ads......
2021-09-15 18:57:03,656 Extracting ad data from 98 ads
2021-09-15 18:57:04,691 Adding 0 new ads to base data
2021-09-15 18:57:04,693 Extracting ad data from 0 potentially sold ads
2021-09-15 18:57:04,695 Found 0 sold ads, 0 removed ads
2021-09-15 18:57:04,721 *************Finished Category ['Jobs Shop/Industry']
2021-09-15 18:57:04,721 **************Starting Category ['Rear Shocks ( Coil )']             - Number: 83. 65 Categories Scraped So Far
2021-09-15 18:57:05,135 Scraping 13 pages of ads......
2021-09-15 18:57:06,696 Extracting ad data from 255 ads
2021-09-15 18:57:15,004 Adding 3 new ads to base data
2021-09-15 18:57:15,006 Extracting ad data from 0 potentially sold ads
2021-09-15 18:57:15,008 Found 0 sold ads, 0 removed ads
2021-09-15 18:57:15,035 *************Finished Category ['Rear Shocks ( Coil )']
2021-09-15 18:57:15,035 **************Starting Category ['Road Parts']             - Number: 28. 66 Categories Scraped So Far
2021-09-15 18:57:15,460 Scraping 64 pages of ads......
2021-09-15 18:57:22,255 Extracting ad data from 1274 ads
2021-09-15 18:57:56,055 1 changes across 1 ads
2021-09-15 18:57:56,209 Adding 0 new ads to base data
2021-09-15 18:57:56,211 Extracting ad data from 1 potentially sold ads
2021-09-15 18:57:56,447 Found 0 sold ads, 1 removed ads
2021-09-15 18:57:56,506 *************Finished Category ['Road Parts']
2021-09-15 18:57:56,506 **************Starting Category ['Tires']             - Number: 14. 67 Categories Scraped So Far
2021-09-15 18:57:57,146 Scraping 53 pages of ads......
2021-09-15 18:58:02,404 Extracting ad data from 1060 ads
2021-09-15 18:58:32,649 Adding 0 new ads to base data
2021-09-15 18:58:32,650 Extracting ad data from 0 potentially sold ads
2021-09-15 18:58:32,653 Found 2 sold ads, 0 removed ads
2021-09-15 18:58:32,721 *************Finished Category ['Tires']
2021-09-15 18:58:32,721 **************Starting Category ['Goggles/Shades']             - Number: 38. 68 Categories Scraped So Far
2021-09-15 18:58:33,174 Scraping 9 pages of ads......
2021-09-15 18:58:34,571 Extracting ad data from 167 ads
2021-09-15 18:58:38,443 Adding 0 new ads to base data
2021-09-15 18:58:38,444 Extracting ad data from 0 potentially sold ads
2021-09-15 18:58:38,449 Found 0 sold ads, 0 removed ads
2021-09-15 18:58:38,471 *************Finished Category ['Goggles/Shades']
2021-09-15 18:58:38,471 **************Starting Category ['DH Bikes']             - Number: 1. 69 Categories Scraped So Far
2021-09-15 18:58:39,184 Scraping 89 pages of ads......
2021-09-15 18:58:49,979 Extracting ad data from 1771 ads
2021-09-15 18:59:16,372 Adding 6 new ads to base data
2021-09-15 18:59:16,373 Extracting ad data from 1 potentially sold ads
2021-09-15 18:59:16,847 Found 0 sold ads, 1 removed ads
2021-09-15 18:59:16,954 *************Finished Category ['DH Bikes']
2021-09-15 18:59:16,954 **************Starting Category ['Skateboard']             - Number: 34. 70 Categories Scraped So Far
2021-09-15 18:59:17,647 Scraping 2 pages of ads......
2021-09-15 18:59:18,424 Extracting ad data from 22 ads
2021-09-15 18:59:20,729 Adding 0 new ads to base data
2021-09-15 18:59:20,730 Extracting ad data from 0 potentially sold ads
2021-09-15 18:59:20,732 Found 0 sold ads, 0 removed ads
2021-09-15 18:59:20,750 *************Finished Category ['Skateboard']
2021-09-15 18:59:20,750 **************Starting Category ['Chain Rings']             - Number: 90. 71 Categories Scraped So Far
2021-09-15 18:59:21,355 Scraping 40 pages of ads......
2021-09-15 18:59:25,399 Extracting ad data from 797 ads
2021-09-15 18:59:46,901 Adding 2 new ads to base data
2021-09-15 18:59:46,904 Extracting ad data from 0 potentially sold ads
2021-09-15 18:59:46,907 Found 0 sold ads, 0 removed ads
2021-09-15 18:59:46,970 *************Finished Category ['Chain Rings']
2021-09-15 18:59:46,970 **************Starting Category ['Saddles']             - Number: 80. 72 Categories Scraped So Far
2021-09-15 18:59:47,665 Scraping 30 pages of ads......
2021-09-15 18:59:51,503 Extracting ad data from 588 ads
2021-09-15 19:00:07,474 Adding 0 new ads to base data
2021-09-15 19:00:07,476 Extracting ad data from 0 potentially sold ads
2021-09-15 19:00:07,478 Found 0 sold ads, 0 removed ads
2021-09-15 19:00:07,521 *************Finished Category ['Saddles']
2021-09-15 19:00:07,522 **************Starting Category ['Hubs']             - Number: 13. 73 Categories Scraped So Far
2021-09-15 19:00:07,960 Scraping 32 pages of ads......
2021-09-15 19:00:12,317 Extracting ad data from 623 ads
2021-09-15 19:00:30,320 Adding 32 new ads to base data
2021-09-15 19:00:30,324 Extracting ad data from 0 potentially sold ads
2021-09-15 19:00:30,328 Found 2 sold ads, 0 removed ads
2021-09-15 19:00:30,376 *************Finished Category ['Hubs']
2021-09-15 19:00:30,376 **************Starting Category ['Seatposts ( Fixed )']             - Number: 21. 74 Categories Scraped So Far
2021-09-15 19:00:30,903 Scraping 15 pages of ads......
2021-09-15 19:00:32,253 Extracting ad data from 282 ads
2021-09-15 19:01:04,593 19 changes across 14 ads
2021-09-15 19:01:04,706 Adding 19 new ads to base data
2021-09-15 19:01:04,708 Extracting ad data from 15 potentially sold ads
2021-09-15 19:01:09,689 Found 13 sold ads, 3 removed ads
2021-09-15 19:01:09,729 *************Finished Category ['Seatposts ( Fixed )']
2021-09-15 19:01:09,729 **************Starting Category ['Dirt Jump Bikes']             - Number: 3. 75 Categories Scraped So Far
2021-09-15 19:01:10,232 Scraping 31 pages of ads......
2021-09-15 19:01:13,072 Extracting ad data from 611 ads
2021-09-15 19:02:14,206 136 changes across 121 ads
2021-09-15 19:02:14,331 Adding 68 new ads to base data
2021-09-15 19:02:14,333 Extracting ad data from 62 potentially sold ads
2021-09-15 19:02:38,652 Found 50 sold ads, 16 removed ads
2021-09-15 19:02:38,713 *************Finished Category ['Dirt Jump Bikes']
2021-09-15 19:02:38,713 **************Starting Category ['BMX Parts']             - Number: 25. 76 Categories Scraped So Far
2021-09-15 19:02:39,359 Scraping 1 pages of ads......
2021-09-15 19:02:39,740 Extracting ad data from 14 ads
2021-09-15 19:02:40,257 Adding 0 new ads to base data
2021-09-15 19:02:40,259 Extracting ad data from 0 potentially sold ads
2021-09-15 19:02:40,262 Found 0 sold ads, 0 removed ads
2021-09-15 19:02:40,279 *************Finished Category ['BMX Parts']
2021-09-15 19:02:40,279 **************Starting Category ['Trainers / Rollers']             - Number: 101. 77 Categories Scraped So Far
2021-09-15 19:02:40,722 Scraping 11 pages of ads......
2021-09-15 19:02:41,839 Extracting ad data from 217 ads
2021-09-15 19:02:45,865 Adding 1 new ads to base data
2021-09-15 19:02:45,866 Extracting ad data from 0 potentially sold ads
2021-09-15 19:02:45,868 Found 0 sold ads, 0 removed ads
2021-09-15 19:02:45,897 *************Finished Category ['Trainers / Rollers']
2021-09-15 19:02:45,897 **************Starting Category ['Brakes']             - Number: 15. 78 Categories Scraped So Far
2021-09-15 19:02:46,518 Scraping 50 pages of ads......
2021-09-15 19:02:51,143 Extracting ad data from 994 ads
2021-09-15 19:05:09,827 381 changes across 349 ads
2021-09-15 19:05:09,958 Adding 77 new ads to base data
2021-09-15 19:05:09,960 Extracting ad data from 120 potentially sold ads
2021-09-15 19:05:49,598 Found 115 sold ads, 11 removed ads
2021-09-15 19:05:49,667 *************Finished Category ['Brakes']
2021-09-15 19:05:49,667 **************Starting Category ['Seatpost Parts']             - Number: 82. 79 Categories Scraped So Far
2021-09-15 19:05:50,296 Scraping 7 pages of ads......
2021-09-15 19:05:51,038 Extracting ad data from 124 ads
2021-09-15 19:05:54,486 Adding 0 new ads to base data
2021-09-15 19:05:54,487 Extracting ad data from 0 potentially sold ads
2021-09-15 19:05:54,490 Found 0 sold ads, 0 removed ads
2021-09-15 19:05:54,509 *************Finished Category ['Seatpost Parts']
2021-09-15 19:05:54,509 **************Starting Category ['BMX Cranks/BBs/Chains']             - Number: 59. 80 Categories Scraped So Far
2021-09-15 19:05:54,972 Scraping 1 pages of ads......
2021-09-15 19:05:55,391 Extracting ad data from 19 ads
2021-09-15 19:05:57,732 Adding 0 new ads to base data
2021-09-15 19:05:57,733 Extracting ad data from 0 potentially sold ads
2021-09-15 19:05:57,736 Found 0 sold ads, 0 removed ads
2021-09-15 19:05:57,758 *************Finished Category ['BMX Cranks/BBs/Chains']
2021-09-15 19:05:57,759 **************Starting Category ['Computers/Tech gear']             - Number: 47. 81 Categories Scraped So Far
2021-09-15 19:05:58,197 Scraping 4 pages of ads......
2021-09-15 19:05:58,820 Extracting ad data from 65 ads
2021-09-15 19:06:06,462 16 changes across 16 ads
2021-09-15 19:06:06,583 Adding 5 new ads to base data
2021-09-15 19:06:06,584 Extracting ad data from 3 potentially sold ads
2021-09-15 19:06:07,383 Found 4 sold ads, 0 removed ads
2021-09-15 19:06:07,425 *************Finished Category ['Computers/Tech gear']
2021-09-15 19:06:07,425 **************Starting Category ['Seatposts ( Dropper )']             - Number: 81. 82 Categories Scraped So Far
2021-09-15 19:06:07,855 Scraping 46 pages of ads......
2021-09-15 19:06:12,022 Extracting ad data from 901 ads
2021-09-15 19:06:40,976 Adding 10 new ads to base data
2021-09-15 19:06:40,977 Extracting ad data from 0 potentially sold ads
2021-09-15 19:06:40,980 Found 2 sold ads, 0 removed ads
2021-09-15 19:06:41,044 *************Finished Category ['Seatposts ( Dropper )']
2021-09-15 19:06:41,044 **************Starting Category ['Shoes']             - Number: 40. 83 Categories Scraped So Far
2021-09-15 19:06:41,697 Scraping 62 pages of ads......
2021-09-15 19:06:47,853 Extracting ad data from 1230 ads
2021-09-15 19:07:08,031 Adding 0 new ads to base data
2021-09-15 19:07:08,032 Extracting ad data from 0 potentially sold ads
2021-09-15 19:07:08,035 Found 0 sold ads, 0 removed ads
2021-09-15 19:07:08,098 *************Finished Category ['Shoes']
2021-09-15 19:07:08,098 **************Starting Category ['Pedals ( Clipless)']             - Number: 22. 84 Categories Scraped So Far
2021-09-15 19:07:08,541 Scraping 15 pages of ads......
2021-09-15 19:07:10,305 Extracting ad data from 280 ads
2021-09-15 19:07:20,784 Adding 0 new ads to base data
2021-09-15 19:07:20,785 Extracting ad data from 0 potentially sold ads
2021-09-15 19:07:20,787 Found 0 sold ads, 0 removed ads
2021-09-15 19:07:20,813 *************Finished Category ['Pedals ( Clipless)']
2021-09-15 19:07:20,813 **************Starting Category ['Trials Frames']             - Number: 30. 85 Categories Scraped So Far
2021-09-15 19:07:21,378 Scraping 1 pages of ads......
2021-09-15 19:07:21,943 Extracting ad data from 2 ads
2021-09-15 19:07:22,456 **************Starting Category ['BMX Frames']             - Number: 24. 85 Categories Scraped So Far
2021-09-15 19:07:22,865 Scraping 4 pages of ads......
2021-09-15 19:07:24,463 Extracting ad data from 61 ads
2021-09-15 19:07:25,670 Adding 0 new ads to base data
2021-09-15 19:07:25,671 Extracting ad data from 0 potentially sold ads
2021-09-15 19:07:25,675 Found 0 sold ads, 0 removed ads
2021-09-15 19:07:25,697 *************Finished Category ['BMX Frames']
2021-09-15 19:07:25,697 **************Starting Category ['Armour/Pads']             - Number: 41. 86 Categories Scraped So Far
2021-09-15 19:07:26,291 Scraping 23 pages of ads......
2021-09-15 19:07:28,809 Extracting ad data from 457 ads
2021-09-15 19:07:37,438 Adding 0 new ads to base data
2021-09-15 19:07:37,440 Extracting ad data from 0 potentially sold ads
2021-09-15 19:07:37,443 Found 1 sold ads, 0 removed ads
2021-09-15 19:07:37,495 *************Finished Category ['Armour/Pads']
2021-09-15 19:07:37,495 **************Starting Category ['All Mountain/Enduro Frames']             - Number: 6. 87 Categories Scraped So Far
2021-09-15 19:07:38,040 Scraping 45 pages of ads......
2021-09-15 19:07:44,218 Extracting ad data from 898 ads
2021-09-15 19:08:19,165 1 changes across 1 ads
2021-09-15 19:08:19,295 Adding 5 new ads to base data
2021-09-15 19:08:19,297 Extracting ad data from 1 potentially sold ads
2021-09-15 19:08:19,551 Found 2 sold ads, 1 removed ads
2021-09-15 19:08:19,627 *************Finished Category ['All Mountain/Enduro Frames']
2021-09-15 19:08:19,627 **************Starting Category ['Helmets']             - Number: 39. 88 Categories Scraped So Far
2021-09-15 19:08:20,238 Scraping 34 pages of ads......
2021-09-15 19:08:23,208 Extracting ad data from 672 ads
2021-09-15 19:08:35,384 Adding 0 new ads to base data
2021-09-15 19:08:35,386 Extracting ad data from 0 potentially sold ads
2021-09-15 19:08:35,389 Found 0 sold ads, 0 removed ads
2021-09-15 19:08:35,429 *************Finished Category ['Helmets']
2021-09-15 19:08:35,429 **************Starting Category ['Single Crown Forks']             - Number: 9. 89 Categories Scraped So Far
2021-09-15 19:08:36,021 Scraping 65 pages of ads......
2021-09-15 19:08:45,395 Extracting ad data from 1285 ads
2021-09-15 19:09:29,975 3 changes across 3 ads
2021-09-15 19:09:30,097 Adding 12 new ads to base data
2021-09-15 19:09:30,099 Extracting ad data from 0 potentially sold ads
2021-09-15 19:09:30,102 Found 0 sold ads, 0 removed ads
2021-09-15 19:09:30,168 *************Finished Category ['Single Crown Forks']
2021-09-15 19:09:30,168 **************Starting Category []             - Number: 10. 90 Categories Scraped So Far
2021-09-15 19:09:30,766 Scraping 1 pages of ads......
2021-09-15 19:09:31,366 Extracting ad data from 0 ads
2021-09-15 19:09:31,368 **************Starting Category ['Clothes']             - Number: 42. 90 Categories Scraped So Far
2021-09-15 19:09:31,813 Scraping 47 pages of ads......
2021-09-15 19:09:36,684 Extracting ad data from 924 ads
2021-09-15 19:10:01,306 Adding 1 new ads to base data
2021-09-15 19:10:01,308 Extracting ad data from 0 potentially sold ads
2021-09-15 19:10:01,310 Found 1 sold ads, 0 removed ads
2021-09-15 19:10:01,392 *************Finished Category ['Clothes']
2021-09-15 19:10:01,392 **************Starting Category []             - Number: 36. 91 Categories Scraped So Far
2021-09-15 19:10:01,761 Scraping 1 pages of ads......
2021-09-15 19:10:02,215 Extracting ad data from 0 ads
