2022-03-30 10:36:19,516 ######## Starting new scrape session #########
2022-03-30 10:36:44,666 All previous data loaded from MongoDB
2022-03-30 10:36:44,668 **************Starting Category ['Music/Guitar/Amps'] - Number: 50. 0 Categories Scraped So Far
2022-03-30 10:36:45,695 Scraping 1 pages of ads......
2022-03-30 10:36:47,879 Extracting ad data from 6 ads
2022-03-30 10:36:48,262 Checked up until ~ page: 1 of ads
2022-03-30 10:36:48,263 Found: 0 sold ads in buysell normal pages
2022-03-30 10:36:48,263 **************Starting Category ['Cranks'] - Number: 16. 0 Categories Scraped So Far
2022-03-30 10:36:48,948 Scraping 38 pages of ads......
2022-03-30 10:37:00,990 Extracting ad data from 759 ads
2022-03-30 10:37:03,441 Checked up until ~ page: 1 of ads
2022-03-30 10:37:03,441 Found: 0 sold ads in buysell normal pages
2022-03-30 10:37:03,545 Adding 0 new ads to base data
2022-03-30 10:37:03,548 Extracting ad data from 11 potentially sold ads
2022-03-30 10:37:07,436 Found 11 sold ads, 0 removed ads
2022-03-30 10:37:10,136 *************Finished Category ['Cranks']
2022-03-30 10:37:10,138 **************Starting Category ['Vintage Frames'] - Number: 100. 1 Categories Scraped So Far
2022-03-30 10:37:10,708 Scraping 8 pages of ads......
2022-03-30 10:37:13,073 Extracting ad data from 142 ads
2022-03-30 10:37:23,449 Checked up until ~ page: 2 of ads
2022-03-30 10:37:23,449 Found: 0 sold ads in buysell normal pages
2022-03-30 10:37:23,520 Adding 0 new ads to base data
2022-03-30 10:37:23,522 Extracting ad data from 2 potentially sold ads
2022-03-30 10:37:24,230 Found 2 sold ads, 0 removed ads
2022-03-30 10:37:25,912 *************Finished Category ['Vintage Frames']
2022-03-30 10:37:25,913 **************Starting Category ['Work Wanted'] - Number: 70. 2 Categories Scraped So Far
2022-03-30 10:37:26,597 Scraping 2 pages of ads......
2022-03-30 10:37:27,182 Extracting ad data from 22 ads
2022-03-30 10:37:28,572 Checked up until ~ page: 1 of ads
2022-03-30 10:37:28,573 Found: 0 sold ads in buysell normal pages
2022-03-30 10:37:28,653 Adding 0 new ads to base data
2022-03-30 10:37:28,655 Extracting ad data from 0 potentially sold ads
2022-03-30 10:37:28,655 Found 0 sold ads, 0 removed ads
2022-03-30 10:37:28,669 *************Finished Category ['Work Wanted']
2022-03-30 10:37:28,670 **************Starting Category ['E-Bikes Urban/Commuter'] - Number: 63. 3 Categories Scraped So Far
2022-03-30 10:37:29,244 Scraping 19 pages of ads......
2022-03-30 10:37:35,385 Extracting ad data from 379 ads
2022-03-30 10:37:36,092 Checked up until ~ page: 1 of ads
2022-03-30 10:37:36,092 Found: 0 sold ads in buysell normal pages
2022-03-30 10:37:36,170 Adding 0 new ads to base data
2022-03-30 10:37:36,173 Extracting ad data from 1 potentially sold ads
2022-03-30 10:37:36,519 Found 1 sold ads, 0 removed ads
2022-03-30 10:37:39,123 *************Finished Category ['E-Bikes Urban/Commuter']
2022-03-30 10:37:39,125 **************Starting Category ['Tools/Bike Stands'] - Number: 46. 4 Categories Scraped So Far
2022-03-30 10:37:39,707 Scraping 22 pages of ads......
2022-03-30 10:37:46,679 Extracting ad data from 437 ads
2022-03-30 10:37:57,681 Checked up until ~ page: 2 of ads
2022-03-30 10:37:57,681 Found: 0 sold ads in buysell normal pages
2022-03-30 10:37:57,753 Adding 0 new ads to base data
2022-03-30 10:37:57,755 Extracting ad data from 1 potentially sold ads
2022-03-30 10:37:58,104 Found 1 sold ads, 0 removed ads
2022-03-30 10:38:01,008 *************Finished Category ['Tools/Bike Stands']
2022-03-30 10:38:01,010 **************Starting Category ['Backpacks'] - Number: 66. 5 Categories Scraped So Far
2022-03-30 10:38:01,689 Scraping 7 pages of ads......
2022-03-30 10:38:04,064 Extracting ad data from 123 ads
2022-03-30 10:38:04,415 Checked up until ~ page: 1 of ads
2022-03-30 10:38:04,415 Found: 0 sold ads in buysell normal pages
2022-03-30 10:38:04,415 **************Starting Category ['Saddles'] - Number: 80. 5 Categories Scraped So Far
2022-03-30 10:38:05,056 Scraping 35 pages of ads......
2022-03-30 10:38:16,104 Extracting ad data from 694 ads
2022-03-30 10:38:16,845 Checked up until ~ page: 1 of ads
2022-03-30 10:38:16,845 Found: 0 sold ads in buysell normal pages
2022-03-30 10:38:16,916 Adding 0 new ads to base data
2022-03-30 10:38:16,918 Extracting ad data from 7 potentially sold ads
2022-03-30 10:38:19,406 Found 7 sold ads, 0 removed ads
2022-03-30 10:38:20,800 *************Finished Category ['Saddles']
2022-03-30 10:38:20,801 **************Starting Category ['Ski'] - Number: 32. 6 Categories Scraped So Far
2022-03-30 10:38:21,503 Scraping 4 pages of ads......
2022-03-30 10:38:22,746 Extracting ad data from 64 ads
2022-03-30 10:38:24,887 Checked up until ~ page: 1 of ads
2022-03-30 10:38:24,887 Found: 0 sold ads in buysell normal pages
2022-03-30 10:38:24,956 Adding 0 new ads to base data
2022-03-30 10:38:24,958 Extracting ad data from 0 potentially sold ads
2022-03-30 10:38:24,959 Found 0 sold ads, 0 removed ads
2022-03-30 10:38:24,973 *************Finished Category ['Ski']
2022-03-30 10:38:24,974 **************Starting Category ['Skateboard'] - Number: 34. 7 Categories Scraped So Far
2022-03-30 10:38:25,555 Scraping 1 pages of ads......
2022-03-30 10:38:26,130 Extracting ad data from 18 ads
2022-03-30 10:38:30,333 Checked up until ~ page: 1 of ads
2022-03-30 10:38:30,333 Found: 0 sold ads in buysell normal pages
2022-03-30 10:38:30,418 Adding 0 new ads to base data
2022-03-30 10:38:30,421 Extracting ad data from 0 potentially sold ads
2022-03-30 10:38:30,422 Found 0 sold ads, 0 removed ads
2022-03-30 10:38:30,441 *************Finished Category ['Skateboard']
2022-03-30 10:38:30,442 **************Starting Category ['Gravel/CX Frames'] - Number: 78. 8 Categories Scraped So Far
2022-03-30 10:38:31,091 Scraping 7 pages of ads......
2022-03-30 10:38:33,474 Extracting ad data from 132 ads
2022-03-30 10:38:33,816 Checked up until ~ page: 1 of ads
2022-03-30 10:38:33,816 Found: 0 sold ads in buysell normal pages
2022-03-30 10:38:33,817 **************Starting Category ['Dual Crown Forks'] - Number: 8. 8 Categories Scraped So Far
2022-03-30 10:38:34,542 Scraping 6 pages of ads......
2022-03-30 10:38:36,341 Extracting ad data from 116 ads
2022-03-30 10:38:36,695 Checked up until ~ page: 1 of ads
2022-03-30 10:38:36,695 Found: 0 sold ads in buysell normal pages
2022-03-30 10:38:36,696 **************Starting Category ['BMX Bars/Grips/Stems'] - Number: 58. 8 Categories Scraped So Far
2022-03-30 10:38:37,283 Scraping 2 pages of ads......
2022-03-30 10:38:37,870 Extracting ad data from 38 ads
2022-03-30 10:38:42,414 Checked up until ~ page: 1 of ads
2022-03-30 10:38:42,414 Found: 0 sold ads in buysell normal pages
2022-03-30 10:38:42,484 Adding 0 new ads to base data
2022-03-30 10:38:42,486 Extracting ad data from 0 potentially sold ads
2022-03-30 10:38:42,487 Found 0 sold ads, 0 removed ads
2022-03-30 10:38:42,499 *************Finished Category ['BMX Bars/Grips/Stems']
2022-03-30 10:38:42,500 **************Starting Category ['XC Frames'] - Number: 76. 9 Categories Scraped So Far
2022-03-30 10:38:43,198 Scraping 11 pages of ads......
2022-03-30 10:38:46,976 Extracting ad data from 212 ads
2022-03-30 10:38:56,997 Checked up until ~ page: 2 of ads
2022-03-30 10:38:56,997 Found: 0 sold ads in buysell normal pages
2022-03-30 10:38:57,069 Adding 0 new ads to base data
2022-03-30 10:38:57,071 Extracting ad data from 2 potentially sold ads
2022-03-30 10:38:57,760 Found 2 sold ads, 0 removed ads
2022-03-30 10:38:59,470 *************Finished Category ['XC Frames']
2022-03-30 10:38:59,471 **************Starting Category ['Pedals ( Flat )'] - Number: 85. 10 Categories Scraped So Far
2022-03-30 10:39:00,086 Scraping 13 pages of ads......
2022-03-30 10:39:04,279 Extracting ad data from 254 ads
2022-03-30 10:39:07,422 Checked up until ~ page: 1 of ads
2022-03-30 10:39:07,423 Found: 0 sold ads in buysell normal pages
2022-03-30 10:39:07,517 Adding 0 new ads to base data
2022-03-30 10:39:07,520 Extracting ad data from 3 potentially sold ads
2022-03-30 10:39:08,602 Found 3 sold ads, 0 removed ads
2022-03-30 10:39:11,670 *************Finished Category ['Pedals ( Flat )']
2022-03-30 10:39:11,672 **************Starting Category ['Fat Bike Frames'] - Number: 72. 11 Categories Scraped So Far
2022-03-30 10:39:12,238 Scraping 1 pages of ads......
2022-03-30 10:39:12,807 Extracting ad data from 14 ads
2022-03-30 10:39:14,887 Checked up until ~ page: 1 of ads
2022-03-30 10:39:14,887 Found: 0 sold ads in buysell normal pages
2022-03-30 10:39:14,958 Adding 0 new ads to base data
2022-03-30 10:39:14,960 Extracting ad data from 0 potentially sold ads
2022-03-30 10:39:14,960 Found 0 sold ads, 0 removed ads
2022-03-30 10:39:14,973 *************Finished Category ['Fat Bike Frames']
2022-03-30 10:39:14,975 **************Starting Category ['Bottom Brackets'] - Number: 94. 12 Categories Scraped So Far
2022-03-30 10:39:15,719 Scraping 12 pages of ads......
2022-03-30 10:39:19,399 Extracting ad data from 240 ads
2022-03-30 10:39:24,605 Checked up until ~ page: 1 of ads
2022-03-30 10:39:24,605 Found: 0 sold ads in buysell normal pages
2022-03-30 10:39:24,689 Adding 0 new ads to base data
2022-03-30 10:39:24,692 Extracting ad data from 2 potentially sold ads
2022-03-30 10:39:25,394 Found 2 sold ads, 0 removed ads
2022-03-30 10:39:28,096 *************Finished Category ['Bottom Brackets']
2022-03-30 10:39:28,097 **************Starting Category ['MX Bikes/Quads'] - Number: 35. 13 Categories Scraped So Far
2022-03-30 10:39:28,703 Scraping 2 pages of ads......
2022-03-30 10:39:29,334 Extracting ad data from 29 ads
2022-03-30 10:39:30,070 Checked up until ~ page: 1 of ads
2022-03-30 10:39:30,071 Found: 0 sold ads in buysell normal pages
2022-03-30 10:39:30,145 Adding 0 new ads to base data
2022-03-30 10:39:30,148 Extracting ad data from 0 potentially sold ads
2022-03-30 10:39:30,149 Found 0 sold ads, 0 removed ads
2022-03-30 10:39:30,163 *************Finished Category ['MX Bikes/Quads']
2022-03-30 10:39:30,164 **************Starting Category ['Fat Bike Parts'] - Number: 73. 14 Categories Scraped So Far
2022-03-30 10:39:30,855 Scraping 8 pages of ads......
2022-03-30 10:39:33,283 Extracting ad data from 145 ads
2022-03-30 10:39:40,054 Checked up until ~ page: 1 of ads
2022-03-30 10:39:40,055 Found: 0 sold ads in buysell normal pages
2022-03-30 10:39:40,117 Adding 0 new ads to base data
2022-03-30 10:39:40,120 Extracting ad data from 1 potentially sold ads
2022-03-30 10:39:40,460 Found 1 sold ads, 0 removed ads
2022-03-30 10:39:41,804 *************Finished Category ['Fat Bike Parts']
2022-03-30 10:39:41,805 **************Starting Category ['BMX Cranks/BBs/Chains'] - Number: 59. 15 Categories Scraped So Far
2022-03-30 10:39:42,403 Scraping 2 pages of ads......
2022-03-30 10:39:43,001 Extracting ad data from 30 ads
2022-03-30 10:39:45,127 Checked up until ~ page: 1 of ads
2022-03-30 10:39:45,127 Found: 0 sold ads in buysell normal pages
2022-03-30 10:39:45,205 Adding 0 new ads to base data
2022-03-30 10:39:45,208 Extracting ad data from 0 potentially sold ads
2022-03-30 10:39:45,209 Found 0 sold ads, 0 removed ads
2022-03-30 10:39:45,229 *************Finished Category ['BMX Cranks/BBs/Chains']
2022-03-30 10:39:45,231 **************Starting Category ['Jobs Shop/Industry'] - Number: 69. 16 Categories Scraped So Far
2022-03-30 10:39:45,832 Scraping 8 pages of ads......
2022-03-30 10:39:48,380 Extracting ad data from 141 ads
2022-03-30 10:39:53,747 Checked up until ~ page: 1 of ads
2022-03-30 10:39:53,748 Found: 0 sold ads in buysell normal pages
2022-03-30 10:39:53,815 Adding 0 new ads to base data
2022-03-30 10:39:53,817 Extracting ad data from 1 potentially sold ads
2022-03-30 10:39:54,195 Found 0 sold ads, 1 removed ads
2022-03-30 10:39:55,540 *************Finished Category ['Jobs Shop/Industry']
2022-03-30 10:39:55,542 **************Starting Category ['BMX Bikes'] - Number: 23. 17 Categories Scraped So Far
2022-03-30 10:39:55,886 Some characters could not be decoded, and were replaced with REPLACEMENT CHARACTER.
2022-03-30 10:39:56,361 Scraping 25 pages of ads......
2022-03-30 10:40:04,978 Extracting ad data from 493 ads
2022-03-30 10:40:14,604 Checked up until ~ page: 2 of ads
2022-03-30 10:40:14,608 Found: 0 sold ads in buysell normal pages
2022-03-30 10:40:14,680 Adding 0 new ads to base data
2022-03-30 10:40:14,682 Extracting ad data from 12 potentially sold ads
2022-03-30 10:40:18,964 Found 12 sold ads, 0 removed ads
2022-03-30 10:40:20,561 *************Finished Category ['BMX Bikes']
2022-03-30 10:40:20,562 **************Starting Category ['Wheels ( with Hubs )'] - Number: 12. 18 Categories Scraped So Far
2022-03-30 10:40:21,173 Scraping 109 pages of ads......
2022-03-30 10:40:55,774 Extracting ad data from 2171 ads
2022-03-30 10:41:04,507 Checked up until ~ page: 2 of ads
2022-03-30 10:41:04,508 Found: 0 sold ads in buysell normal pages
2022-03-30 10:41:04,589 1 changes across 1 ads
2022-03-30 10:41:07,303 Adding 0 new ads to base data
2022-03-30 10:41:07,307 Extracting ad data from 344 potentially sold ads
2022-03-30 10:43:11,917 Found 344 sold ads, 0 removed ads
2022-03-30 10:43:15,221 *************Finished Category ['Wheels ( with Hubs )']
2022-03-30 10:43:15,223 **************Starting Category ['E-Bikes Road/Gravel'] - Number: 64. 19 Categories Scraped So Far
2022-03-30 10:43:15,911 Scraping 8 pages of ads......
2022-03-30 10:43:18,282 Extracting ad data from 151 ads
2022-03-30 10:43:22,548 Checked up until ~ page: 1 of ads
2022-03-30 10:43:22,549 Found: 0 sold ads in buysell normal pages
2022-03-30 10:43:22,617 Adding 0 new ads to base data
2022-03-30 10:43:22,619 Extracting ad data from 0 potentially sold ads
2022-03-30 10:43:22,620 Found 0 sold ads, 0 removed ads
2022-03-30 10:43:22,632 *************Finished Category ['E-Bikes Road/Gravel']
2022-03-30 10:43:22,634 **************Starting Category ['Shifters/Derailleurs'] - Number: 17. 20 Categories Scraped So Far
2022-03-30 10:43:23,228 Scraping 53 pages of ads......
2022-03-30 10:43:39,583 Extracting ad data from 1040 ads
2022-03-30 10:43:44,876 Checked up until ~ page: 1 of ads
2022-03-30 10:43:44,876 Found: 0 sold ads in buysell normal pages
2022-03-30 10:43:44,946 Adding 0 new ads to base data
2022-03-30 10:43:44,948 Extracting ad data from 6 potentially sold ads
2022-03-30 10:43:47,003 Found 6 sold ads, 0 removed ads
2022-03-30 10:43:49,688 *************Finished Category ['Shifters/Derailleurs']
2022-03-30 10:43:49,689 **************Starting Category ['Chains'] - Number: 18. 21 Categories Scraped So Far
2022-03-30 10:43:50,294 Scraping 7 pages of ads......
2022-03-30 10:43:52,691 Extracting ad data from 138 ads
2022-03-30 10:44:01,225 Checked up until ~ page: 2 of ads
2022-03-30 10:44:01,225 Found: 0 sold ads in buysell normal pages
2022-03-30 10:44:02,574 Adding 3 new ads to base data
2022-03-30 10:44:02,577 Extracting ad data from 0 potentially sold ads
2022-03-30 10:44:02,578 Found 0 sold ads, 0 removed ads
2022-03-30 10:44:02,593 *************Finished Category ['Chains']
2022-03-30 10:44:02,595 **************Starting Category ['E-Bikes MTB'] - Number: 74. 22 Categories Scraped So Far
2022-03-30 10:44:03,227 Scraping 47 pages of ads......
2022-03-30 10:44:18,174 Extracting ad data from 925 ads
2022-03-30 10:44:18,546 Checked up until ~ page: 1 of ads
2022-03-30 10:44:18,546 Found: 0 sold ads in buysell normal pages
2022-03-30 10:44:18,547 **************Starting Category ['Lights'] - Number: 44. 22 Categories Scraped So Far
2022-03-30 10:44:19,151 Scraping 6 pages of ads......
2022-03-30 10:44:20,910 Extracting ad data from 104 ads
2022-03-30 10:44:24,793 Checked up until ~ page: 1 of ads
2022-03-30 10:44:24,793 Found: 0 sold ads in buysell normal pages
2022-03-30 10:44:24,866 Adding 0 new ads to base data
2022-03-30 10:44:24,869 Extracting ad data from 0 potentially sold ads
2022-03-30 10:44:24,869 Found 0 sold ads, 0 removed ads
2022-03-30 10:44:24,883 *************Finished Category ['Lights']
2022-03-30 10:44:24,884 **************Starting Category ['Road Frames'] - Number: 27. 23 Categories Scraped So Far
2022-03-30 10:44:25,651 Scraping 17 pages of ads......
2022-03-30 10:44:31,187 Extracting ad data from 333 ads
2022-03-30 10:44:41,356 Checked up until ~ page: 2 of ads
2022-03-30 10:44:41,356 Found: 0 sold ads in buysell normal pages
2022-03-30 10:44:41,427 Adding 0 new ads to base data
2022-03-30 10:44:41,430 Extracting ad data from 2 potentially sold ads
2022-03-30 10:44:42,137 Found 2 sold ads, 0 removed ads
2022-03-30 10:44:43,783 *************Finished Category ['Road Frames']
2022-03-30 10:44:43,784 **************Starting Category ['BMX Forks/Headsets/Pegs'] - Number: 55. 24 Categories Scraped So Far
2022-03-30 10:44:44,369 Scraping 1 pages of ads......
2022-03-30 10:44:44,923 Extracting ad data from 13 ads
2022-03-30 10:44:46,697 Checked up until ~ page: 1 of ads
2022-03-30 10:44:46,697 Found: 0 sold ads in buysell normal pages
2022-03-30 10:44:46,792 Adding 0 new ads to base data
2022-03-30 10:44:46,794 Extracting ad data from 0 potentially sold ads
2022-03-30 10:44:46,795 Found 0 sold ads, 0 removed ads
2022-03-30 10:44:46,809 *************Finished Category ['BMX Forks/Headsets/Pegs']
2022-03-30 10:44:46,811 **************Starting Category ['Tires'] - Number: 14. 25 Categories Scraped So Far
2022-03-30 10:44:47,432 Scraping 66 pages of ads......
2022-03-30 10:45:07,973 Extracting ad data from 1306 ads
2022-03-30 10:45:09,821 Checked up until ~ page: 1 of ads
2022-03-30 10:45:09,822 Found: 0 sold ads in buysell normal pages
2022-03-30 10:45:09,894 1 changes across 1 ads
2022-03-30 10:45:13,950 Adding 1 new ads to base data
2022-03-30 10:45:13,953 Extracting ad data from 11 potentially sold ads
2022-03-30 10:45:17,801 Found 11 sold ads, 0 removed ads
2022-03-30 10:45:19,068 *************Finished Category ['Tires']
2022-03-30 10:45:19,069 **************Starting Category ['Trials Bikes'] - Number: 29. 26 Categories Scraped So Far
2022-03-30 10:45:19,707 Scraping 2 pages of ads......
2022-03-30 10:45:20,356 Extracting ad data from 31 ads
2022-03-30 10:45:21,067 Checked up until ~ page: 1 of ads
2022-03-30 10:45:21,067 Found: 0 sold ads in buysell normal pages
2022-03-30 10:45:21,132 Adding 0 new ads to base data
2022-03-30 10:45:21,133 Extracting ad data from 0 potentially sold ads
2022-03-30 10:45:21,134 Found 0 sold ads, 0 removed ads
2022-03-30 10:45:21,146 *************Finished Category ['Trials Bikes']
2022-03-30 10:45:21,147 **************Starting Category ['Sleds'] - Number: 36. 27 Categories Scraped So Far
2022-03-30 10:45:21,681 Scraping 1 pages of ads......
2022-03-30 10:45:22,273 Extracting ad data from 0 ads
2022-03-30 10:45:22,273 Found: 0 sold ads in buysell normal pages
2022-03-30 10:45:22,273 **************Starting Category ['Bike Racks'] - Number: 43. 27 Categories Scraped So Far
2022-03-30 10:45:22,895 Scraping 29 pages of ads......
2022-03-30 10:45:32,282 Extracting ad data from 567 ads
2022-03-30 10:45:32,990 Checked up until ~ page: 1 of ads
2022-03-30 10:45:32,990 Found: 0 sold ads in buysell normal pages
2022-03-30 10:45:33,070 Adding 0 new ads to base data
2022-03-30 10:45:33,073 Extracting ad data from 10 potentially sold ads
2022-03-30 10:45:36,620 Found 10 sold ads, 0 removed ads
2022-03-30 10:45:39,173 *************Finished Category ['Bike Racks']
2022-03-30 10:45:39,174 **************Starting Category ['Other'] - Number: 52. 28 Categories Scraped So Far
2022-03-30 10:45:39,770 Scraping 19 pages of ads......
2022-03-30 10:45:45,883 Extracting ad data from 377 ads
2022-03-30 10:45:46,579 Checked up until ~ page: 1 of ads
2022-03-30 10:45:46,579 Found: 0 sold ads in buysell normal pages
2022-03-30 10:45:46,645 Adding 0 new ads to base data
2022-03-30 10:45:46,647 Extracting ad data from 0 potentially sold ads
2022-03-30 10:45:46,648 Found 0 sold ads, 0 removed ads
2022-03-30 10:45:48,340 *************Finished Category ['Other']
2022-03-30 10:45:48,341 **************Starting Category ['Stolen Bikes/Parts'] - Number: 68. 29 Categories Scraped So Far
2022-03-30 10:45:48,928 Scraping 12 pages of ads......
2022-03-30 10:45:52,564 Extracting ad data from 230 ads
2022-03-30 10:45:54,371 Checked up until ~ page: 1 of ads
2022-03-30 10:45:54,371 Found: 0 sold ads in buysell normal pages
2022-03-30 10:45:54,437 Adding 0 new ads to base data
2022-03-30 10:45:54,439 Extracting ad data from 1 potentially sold ads
2022-03-30 10:45:54,784 Found 0 sold ads, 1 removed ads
2022-03-30 10:45:56,094 *************Finished Category ['Stolen Bikes/Parts']
2022-03-30 10:45:56,095 **************Starting Category ['BMX Frames'] - Number: 24. 30 Categories Scraped So Far
2022-03-30 10:45:56,834 Scraping 4 pages of ads......
2022-03-30 10:45:58,057 Extracting ad data from 63 ads
2022-03-30 10:46:03,383 Checked up until ~ page: 1 of ads
2022-03-30 10:46:03,384 Found: 0 sold ads in buysell normal pages
2022-03-30 10:46:03,471 Adding 0 new ads to base data
2022-03-30 10:46:03,473 Extracting ad data from 0 potentially sold ads
2022-03-30 10:46:03,474 Found 0 sold ads, 0 removed ads
2022-03-30 10:46:03,486 *************Finished Category ['BMX Frames']
2022-03-30 10:46:03,487 **************Starting Category ['Fork Parts / Springs'] - Number: 87. 31 Categories Scraped So Far
2022-03-30 10:46:04,108 Scraping 40 pages of ads......
2022-03-30 10:46:17,091 Extracting ad data from 800 ads
2022-03-30 10:46:18,852 Checked up until ~ page: 1 of ads
2022-03-30 10:46:18,853 Found: 0 sold ads in buysell normal pages
2022-03-30 10:46:18,943 Adding 0 new ads to base data
2022-03-30 10:46:18,946 Extracting ad data from 3 potentially sold ads
2022-03-30 10:46:20,019 Found 3 sold ads, 0 removed ads
2022-03-30 10:46:21,472 *************Finished Category ['Fork Parts / Springs']
2022-03-30 10:46:21,475 **************Starting Category ['BMX Seat/Post/Clamps'] - Number: 57. 32 Categories Scraped So Far
2022-03-30 10:46:22,045 Scraping 1 pages of ads......
2022-03-30 10:46:22,624 Extracting ad data from 11 ads
2022-03-30 10:46:24,062 Checked up until ~ page: 1 of ads
2022-03-30 10:46:24,062 Found: 0 sold ads in buysell normal pages
2022-03-30 10:46:24,177 Adding 0 new ads to base data
2022-03-30 10:46:24,180 Extracting ad data from 0 potentially sold ads
2022-03-30 10:46:24,180 Found 0 sold ads, 0 removed ads
2022-03-30 10:46:24,201 *************Finished Category ['BMX Seat/Post/Clamps']
2022-03-30 10:46:24,203 **************Starting Category ['Wheels ( Rims only )'] - Number: 96. 33 Categories Scraped So Far
2022-03-30 10:46:25,033 Scraping 11 pages of ads......
2022-03-30 10:46:28,746 Extracting ad data from 216 ads
2022-03-30 10:46:37,986 Checked up until ~ page: 2 of ads
2022-03-30 10:46:37,986 Found: 0 sold ads in buysell normal pages
2022-03-30 10:46:38,066 Adding 0 new ads to base data
2022-03-30 10:46:38,068 Extracting ad data from 0 potentially sold ads
2022-03-30 10:46:38,069 Found 0 sold ads, 0 removed ads
2022-03-30 10:46:38,086 *************Finished Category ['Wheels ( Rims only )']
2022-03-30 10:46:38,088 **************Starting Category ['Seatpost Parts'] - Number: 82. 34 Categories Scraped So Far
2022-03-30 10:46:38,774 Scraping 10 pages of ads......
2022-03-30 10:46:42,161 Extracting ad data from 182 ads
2022-03-30 10:46:49,600 Checked up until ~ page: 2 of ads
2022-03-30 10:46:49,600 Found: 0 sold ads in buysell normal pages
2022-03-30 10:46:49,699 Adding 0 new ads to base data
2022-03-30 10:46:49,703 Extracting ad data from 0 potentially sold ads
2022-03-30 10:46:49,703 Found 0 sold ads, 0 removed ads
2022-03-30 10:46:49,721 *************Finished Category ['Seatpost Parts']
2022-03-30 10:46:49,722 **************Starting Category ['Goggles/Shades'] - Number: 38. 35 Categories Scraped So Far
2022-03-30 10:46:50,380 Scraping 10 pages of ads......
2022-03-30 10:46:53,471 Extracting ad data from 194 ads
2022-03-30 10:46:59,568 Checked up until ~ page: 1 of ads
2022-03-30 10:46:59,569 Found: 0 sold ads in buysell normal pages
2022-03-30 10:46:59,649 Adding 0 new ads to base data
2022-03-30 10:46:59,651 Extracting ad data from 0 potentially sold ads
2022-03-30 10:46:59,652 Found 0 sold ads, 0 removed ads
2022-03-30 10:46:59,666 *************Finished Category ['Goggles/Shades']
2022-03-30 10:46:59,668 **************Starting Category ['Paintball'] - Number: 51. 36 Categories Scraped So Far
2022-03-30 10:47:00,217 Scraping 1 pages of ads......
2022-03-30 10:47:00,771 Extracting ad data from 8 ads
2022-03-30 10:47:01,811 Checked up until ~ page: 1 of ads
2022-03-30 10:47:01,811 Found: 0 sold ads in buysell normal pages
2022-03-30 10:47:01,902 Adding 0 new ads to base data
2022-03-30 10:47:01,905 Extracting ad data from 0 potentially sold ads
2022-03-30 10:47:01,905 Found 0 sold ads, 0 removed ads
2022-03-30 10:47:01,925 *************Finished Category ['Paintball']
2022-03-30 10:47:01,926 **************Starting Category ['Drivetrain Groupset'] - Number: 92. 37 Categories Scraped So Far
2022-03-30 10:47:02,557 Scraping 16 pages of ads......
2022-03-30 10:47:07,475 Extracting ad data from 311 ads
2022-03-30 10:47:12,050 Checked up until ~ page: 1 of ads
2022-03-30 10:47:12,051 Found: 0 sold ads in buysell normal pages
2022-03-30 10:47:12,118 Adding 0 new ads to base data
2022-03-30 10:47:12,120 Extracting ad data from 3 potentially sold ads
2022-03-30 10:47:13,157 Found 3 sold ads, 0 removed ads
2022-03-30 10:47:16,477 *************Finished Category ['Drivetrain Groupset']
2022-03-30 10:47:16,478 **************Starting Category ['Trades'] - Number: 54. 38 Categories Scraped So Far
2022-03-30 10:47:17,252 Scraping 4 pages of ads......
2022-03-30 10:47:18,637 Extracting ad data from 74 ads
2022-03-30 10:47:20,390 Checked up until ~ page: 1 of ads
2022-03-30 10:47:20,390 Found: 0 sold ads in buysell normal pages
2022-03-30 10:47:20,468 Adding 0 new ads to base data
2022-03-30 10:47:20,470 Extracting ad data from 0 potentially sold ads
2022-03-30 10:47:20,471 Found 0 sold ads, 0 removed ads
2022-03-30 10:47:20,484 *************Finished Category ['Trades']
2022-03-30 10:47:20,486 **************Starting Category ['IPODs/Music Players'] - Number: 49. 39 Categories Scraped So Far
2022-03-30 10:47:21,040 Scraping 1 pages of ads......
2022-03-30 10:47:21,621 Extracting ad data from 7 ads
2022-03-30 10:47:23,379 Checked up until ~ page: 1 of ads
2022-03-30 10:47:23,379 Found: 0 sold ads in buysell normal pages
2022-03-30 10:47:23,448 Adding 0 new ads to base data
2022-03-30 10:47:23,450 Extracting ad data from 0 potentially sold ads
2022-03-30 10:47:23,451 Found 0 sold ads, 0 removed ads
2022-03-30 10:47:23,462 *************Finished Category ['IPODs/Music Players']
2022-03-30 10:47:23,463 **************Starting Category ['Computers/Tech gear'] - Number: 47. 40 Categories Scraped So Far
2022-03-30 10:47:24,065 Scraping 5 pages of ads......
2022-03-30 10:47:25,769 Extracting ad data from 89 ads
2022-03-30 10:47:27,871 Checked up until ~ page: 1 of ads
2022-03-30 10:47:27,871 Found: 0 sold ads in buysell normal pages
2022-03-30 10:47:27,947 Adding 0 new ads to base data
2022-03-30 10:47:27,949 Extracting ad data from 0 potentially sold ads
2022-03-30 10:47:27,949 Found 0 sold ads, 0 removed ads
2022-03-30 10:47:27,961 *************Finished Category ['Computers/Tech gear']
2022-03-30 10:47:27,962 **************Starting Category ['Stems'] - Number: 19. 41 Categories Scraped So Far
2022-03-30 10:47:28,738 Scraping 43 pages of ads......
2022-03-30 10:47:42,009 Extracting ad data from 841 ads
2022-03-30 10:47:45,536 Checked up until ~ page: 1 of ads
2022-03-30 10:47:45,537 Found: 0 sold ads in buysell normal pages
2022-03-30 10:47:46,866 Adding 1 new ads to base data
2022-03-30 10:47:46,869 Extracting ad data from 8 potentially sold ads
2022-03-30 10:47:49,727 Found 7 sold ads, 1 removed ads
2022-03-30 10:47:55,660 *************Finished Category ['Stems']
2022-03-30 10:47:55,661 **************Starting Category ['All Mountain/Enduro Frames'] - Number: 6. 42 Categories Scraped So Far
2022-03-30 10:47:56,291 Scraping 58 pages of ads......
2022-03-30 10:48:14,533 Extracting ad data from 1142 ads
2022-03-30 10:48:16,269 Checked up until ~ page: 1 of ads
2022-03-30 10:48:16,270 Found: 0 sold ads in buysell normal pages
2022-03-30 10:48:16,339 Adding 0 new ads to base data
2022-03-30 10:48:16,341 Extracting ad data from 15 potentially sold ads
2022-03-30 10:48:21,632 Found 14 sold ads, 1 removed ads
2022-03-30 10:48:24,935 *************Finished Category ['All Mountain/Enduro Frames']
2022-03-30 10:48:24,936 **************Starting Category ['Gravel/CX Parts'] - Number: 79. 43 Categories Scraped So Far
2022-03-30 10:48:25,539 Scraping 13 pages of ads......
2022-03-30 10:48:29,692 Extracting ad data from 260 ads
2022-03-30 10:48:33,040 Checked up until ~ page: 1 of ads
2022-03-30 10:48:33,041 Found: 0 sold ads in buysell normal pages
2022-03-30 10:48:33,115 Adding 0 new ads to base data
2022-03-30 10:48:33,117 Extracting ad data from 1 potentially sold ads
2022-03-30 10:48:33,456 Found 1 sold ads, 0 removed ads
2022-03-30 10:48:35,961 *************Finished Category ['Gravel/CX Parts']
2022-03-30 10:48:35,963 **************Starting Category ['Dirt Jump Bikes'] - Number: 3. 44 Categories Scraped So Far
2022-03-30 10:48:36,562 Scraping 34 pages of ads......
2022-03-30 10:48:47,225 Extracting ad data from 663 ads
2022-03-30 10:48:47,938 Checked up until ~ page: 1 of ads
2022-03-30 10:48:47,939 Found: 0 sold ads in buysell normal pages
2022-03-30 10:48:48,002 Adding 0 new ads to base data
2022-03-30 10:48:48,004 Extracting ad data from 51 potentially sold ads
2022-03-30 10:49:05,836 Found 51 sold ads, 0 removed ads
2022-03-30 10:49:07,162 *************Finished Category ['Dirt Jump Bikes']
2022-03-30 10:49:07,163 **************Starting Category ['BMX Pedals'] - Number: 61. 45 Categories Scraped So Far
2022-03-30 10:49:07,808 Scraping 1 pages of ads......
2022-03-30 10:49:08,322 Extracting ad data from 3 ads
2022-03-30 10:49:09,394 Checked up until ~ page: 1 of ads
2022-03-30 10:49:09,395 Found: 0 sold ads in buysell normal pages
2022-03-30 10:49:09,471 Adding 0 new ads to base data
2022-03-30 10:49:09,473 Extracting ad data from 0 potentially sold ads
2022-03-30 10:49:09,473 Found 0 sold ads, 0 removed ads
2022-03-30 10:49:09,485 *************Finished Category ['BMX Pedals']
2022-03-30 10:49:09,487 **************Starting Category ['BMX Parts'] - Number: 25. 46 Categories Scraped So Far
2022-03-30 10:49:10,073 Scraping 1 pages of ads......
2022-03-30 10:49:10,665 Extracting ad data from 16 ads
2022-03-30 10:49:11,361 Checked up until ~ page: 1 of ads
2022-03-30 10:49:11,362 Found: 0 sold ads in buysell normal pages
2022-03-30 10:49:11,444 Adding 0 new ads to base data
2022-03-30 10:49:11,446 Extracting ad data from 0 potentially sold ads
2022-03-30 10:49:11,446 Found 0 sold ads, 0 removed ads
2022-03-30 10:49:12,728 *************Finished Category ['BMX Parts']
2022-03-30 10:49:12,729 **************Starting Category ['Rear Shock Springs'] - Number: 84. 47 Categories Scraped So Far
2022-03-30 10:49:13,306 Scraping 16 pages of ads......
2022-03-30 10:49:18,312 Extracting ad data from 318 ads
2022-03-30 10:49:18,664 Checked up until ~ page: 1 of ads
2022-03-30 10:49:18,664 Found: 0 sold ads in buysell normal pages
2022-03-30 10:49:18,664 **************Starting Category ['Helmets'] - Number: 39. 47 Categories Scraped So Far
2022-03-30 10:49:19,255 Scraping 40 pages of ads......
2022-03-30 10:49:31,740 Extracting ad data from 788 ads
2022-03-30 10:49:32,443 Checked up until ~ page: 1 of ads
2022-03-30 10:49:32,443 Found: 0 sold ads in buysell normal pages
2022-03-30 10:49:32,507 Adding 0 new ads to base data
2022-03-30 10:49:32,510 Extracting ad data from 5 potentially sold ads
2022-03-30 10:49:34,410 Found 5 sold ads, 0 removed ads
2022-03-30 10:49:37,429 *************Finished Category ['Helmets']
2022-03-30 10:49:37,431 **************Starting Category ['Single Crown Forks'] - Number: 9. 48 Categories Scraped So Far
2022-03-30 10:49:38,108 Scraping 89 pages of ads......
2022-03-30 10:50:06,436 Extracting ad data from 1772 ads
2022-03-30 10:50:11,039 Checked up until ~ page: 1 of ads
2022-03-30 10:50:11,040 Found: 0 sold ads in buysell normal pages
2022-03-30 10:50:11,119 Adding 0 new ads to base data
2022-03-30 10:50:11,122 Extracting ad data from 28 potentially sold ads
2022-03-30 10:50:21,066 Found 27 sold ads, 1 removed ads
2022-03-30 10:50:23,871 *************Finished Category ['Single Crown Forks']
2022-03-30 10:50:23,873 **************Starting Category ['Snowboard'] - Number: 33. 49 Categories Scraped So Far
2022-03-30 10:50:24,455 Scraping 4 pages of ads......
2022-03-30 10:50:25,665 Extracting ad data from 67 ads
2022-03-30 10:50:28,196 Checked up until ~ page: 1 of ads
2022-03-30 10:50:28,196 Found: 0 sold ads in buysell normal pages
2022-03-30 10:50:28,265 Adding 0 new ads to base data
2022-03-30 10:50:28,268 Extracting ad data from 0 potentially sold ads
2022-03-30 10:50:28,268 Found 0 sold ads, 0 removed ads
2022-03-30 10:50:28,282 *************Finished Category ['Snowboard']
2022-03-30 10:50:28,284 **************Starting Category ['Shoes'] - Number: 40. 50 Categories Scraped So Far
2022-03-30 10:50:28,858 Scraping 71 pages of ads......
2022-03-30 10:50:51,057 Extracting ad data from 1418 ads
2022-03-30 10:50:51,744 Checked up until ~ page: 1 of ads
2022-03-30 10:50:51,744 Found: 0 sold ads in buysell normal pages
2022-03-30 10:50:51,806 Adding 0 new ads to base data
2022-03-30 10:50:51,808 Extracting ad data from 10 potentially sold ads
2022-03-30 10:50:55,297 Found 6 sold ads, 4 removed ads
2022-03-30 10:50:58,335 *************Finished Category ['Shoes']
2022-03-30 10:50:58,336 **************Starting Category ['Armour/Pads'] - Number: 41. 51 Categories Scraped So Far
2022-03-30 10:50:58,921 Scraping 26 pages of ads......
2022-03-30 10:51:06,720 Extracting ad data from 502 ads
2022-03-30 10:51:22,311 Checked up until ~ page: 3 of ads
2022-03-30 10:51:22,311 Found: 0 sold ads in buysell normal pages
2022-03-30 10:51:22,380 Adding 0 new ads to base data
2022-03-30 10:51:22,382 Extracting ad data from 2 potentially sold ads
2022-03-30 10:51:23,099 Found 2 sold ads, 0 removed ads
2022-03-30 10:51:24,410 *************Finished Category ['Armour/Pads']
2022-03-30 10:51:24,411 **************Starting Category ['Chain Rings'] - Number: 90. 52 Categories Scraped So Far
2022-03-30 10:51:25,012 Scraping 44 pages of ads......
2022-03-30 10:51:38,299 Extracting ad data from 861 ads
2022-03-30 10:51:40,738 Checked up until ~ page: 1 of ads
2022-03-30 10:51:40,738 Found: 0 sold ads in buysell normal pages
2022-03-30 10:51:40,829 Adding 0 new ads to base data
2022-03-30 10:51:40,831 Extracting ad data from 5 potentially sold ads
2022-03-30 10:51:42,579 Found 4 sold ads, 1 removed ads
2022-03-30 10:51:45,196 *************Finished Category ['Chain Rings']
2022-03-30 10:51:45,198 **************Starting Category ['Road Bikes'] - Number: 26. 53 Categories Scraped So Far
2022-03-30 10:51:45,819 Scraping 190 pages of ads......
2022-03-30 10:52:44,386 Extracting ad data from 3786 ads
2022-03-30 10:52:46,514 Checked up until ~ page: 1 of ads
2022-03-30 10:52:46,514 Found: 0 sold ads in buysell normal pages
2022-03-30 10:52:46,588 Adding 0 new ads to base data
2022-03-30 10:52:46,592 Extracting ad data from 27 potentially sold ads
2022-03-30 10:52:56,082 Found 22 sold ads, 5 removed ads
2022-03-30 10:52:59,486 *************Finished Category ['Road Bikes']
2022-03-30 10:52:59,487 **************Starting Category ['Trials Parts'] - Number: 31. 54 Categories Scraped So Far
2022-03-30 10:53:00,048 Scraping 1 pages of ads......
2022-03-30 10:53:00,598 Extracting ad data from 17 ads
2022-03-30 10:53:01,296 Checked up until ~ page: 1 of ads
2022-03-30 10:53:01,297 Found: 0 sold ads in buysell normal pages
2022-03-30 10:53:01,372 Adding 0 new ads to base data
2022-03-30 10:53:01,374 Extracting ad data from 0 potentially sold ads
2022-03-30 10:53:01,374 Found 0 sold ads, 0 removed ads
2022-03-30 10:53:01,387 *************Finished Category ['Trials Parts']
2022-03-30 10:53:01,389 **************Starting Category ['Handle Bars ( 31.8 mm )'] - Number: 20. 55 Categories Scraped So Far
2022-03-30 10:53:01,993 Scraping 28 pages of ads......
2022-03-30 10:53:10,514 Extracting ad data from 552 ads
2022-03-30 10:53:12,978 Checked up until ~ page: 1 of ads
2022-03-30 10:53:12,979 Found: 0 sold ads in buysell normal pages
2022-03-30 10:53:13,041 Adding 0 new ads to base data
2022-03-30 10:53:13,044 Extracting ad data from 2 potentially sold ads
2022-03-30 10:53:13,742 Found 2 sold ads, 0 removed ads
2022-03-30 10:53:15,025 *************Finished Category ['Handle Bars ( 31.8 mm )']
2022-03-30 10:53:15,026 **************Starting Category ['Rear Shock Parts'] - Number: 88. 56 Categories Scraped So Far
2022-03-30 10:53:15,755 Scraping 8 pages of ads......
2022-03-30 10:53:18,444 Extracting ad data from 143 ads
2022-03-30 10:53:18,898 Checked up until ~ page: 1 of ads
2022-03-30 10:53:18,898 Found: 0 sold ads in buysell normal pages
2022-03-30 10:53:18,899 **************Starting Category ['Rear Shocks ( Air )'] - Number: 11. 56 Categories Scraped So Far
2022-03-30 10:53:19,612 Scraping 72 pages of ads......
2022-03-30 10:53:42,396 Extracting ad data from 1421 ads
2022-03-30 10:53:43,092 Checked up until ~ page: 1 of ads
2022-03-30 10:53:43,092 Found: 0 sold ads in buysell normal pages
2022-03-30 10:53:43,173 Adding 0 new ads to base data
2022-03-30 10:53:43,176 Extracting ad data from 51 potentially sold ads
2022-03-30 10:54:03,310 Found 51 sold ads, 0 removed ads
2022-03-30 10:54:04,902 *************Finished Category ['Rear Shocks ( Air )']
2022-03-30 10:54:04,903 **************Starting Category ['Video/Photo gear'] - Number: 48. 57 Categories Scraped So Far
2022-03-30 10:54:05,616 Scraping 4 pages of ads......
2022-03-30 10:54:06,864 Extracting ad data from 66 ads
2022-03-30 10:54:12,473 Checked up until ~ page: 1 of ads
2022-03-30 10:54:12,474 Found: 0 sold ads in buysell normal pages
2022-03-30 10:54:12,534 Adding 0 new ads to base data
2022-03-30 10:54:12,537 Extracting ad data from 0 potentially sold ads
2022-03-30 10:54:12,537 Found 0 sold ads, 0 removed ads
2022-03-30 10:54:12,548 *************Finished Category ['Video/Photo gear']
2022-03-30 10:54:12,549 **************Starting Category ['E-Bike Parts'] - Number: 65. 58 Categories Scraped So Far
2022-03-30 10:54:13,155 Scraping 6 pages of ads......
2022-03-30 10:54:14,922 Extracting ad data from 107 ads
2022-03-30 10:54:18,571 Checked up until ~ page: 1 of ads
2022-03-30 10:54:18,571 Found: 0 sold ads in buysell normal pages
2022-03-30 10:54:18,643 Adding 0 new ads to base data
2022-03-30 10:54:18,644 Extracting ad data from 2 potentially sold ads
2022-03-30 10:54:19,379 Found 2 sold ads, 0 removed ads
2022-03-30 10:54:20,783 *************Finished Category ['E-Bike Parts']
2022-03-30 10:54:20,784 **************Starting Category ['Cassettes'] - Number: 91. 59 Categories Scraped So Far
2022-03-30 10:54:21,370 Scraping 21 pages of ads......
2022-03-30 10:54:28,019 Extracting ad data from 406 ads
2022-03-30 10:54:32,992 Checked up until ~ page: 1 of ads
2022-03-30 10:54:32,992 Found: 0 sold ads in buysell normal pages
2022-03-30 10:54:34,419 Adding 1 new ads to base data
2022-03-30 10:54:34,421 Extracting ad data from 5 potentially sold ads
2022-03-30 10:54:36,184 Found 5 sold ads, 0 removed ads
2022-03-30 10:54:38,928 *************Finished Category ['Cassettes']
2022-03-30 10:54:38,930 **************Starting Category ['Headsets'] - Number: 95. 60 Categories Scraped So Far
2022-03-30 10:54:39,519 Scraping 11 pages of ads......
2022-03-30 10:54:43,516 Extracting ad data from 206 ads
2022-03-30 10:54:45,628 Checked up until ~ page: 1 of ads
2022-03-30 10:54:45,628 Found: 0 sold ads in buysell normal pages
2022-03-30 10:54:45,697 Adding 0 new ads to base data
2022-03-30 10:54:45,700 Extracting ad data from 0 potentially sold ads
2022-03-30 10:54:45,700 Found 0 sold ads, 0 removed ads
2022-03-30 10:54:47,168 *************Finished Category ['Headsets']
2022-03-30 10:54:47,170 **************Starting Category ['Fat Bikes'] - Number: 71. 61 Categories Scraped So Far
2022-03-30 10:54:47,781 Scraping 13 pages of ads......
2022-03-30 10:54:51,963 Extracting ad data from 242 ads
2022-03-30 10:54:52,386 Checked up until ~ page: 1 of ads
2022-03-30 10:54:52,387 Found: 0 sold ads in buysell normal pages
2022-03-30 10:54:52,387 **************Starting Category ['Wanted Ads'] - Number: 53. 61 Categories Scraped So Far
2022-03-30 10:54:53,161 Scraping 35 pages of ads......
2022-03-30 10:55:04,280 Extracting ad data from 680 ads
2022-03-30 10:55:11,984 Checked up until ~ page: 2 of ads
2022-03-30 10:55:11,984 Found: 0 sold ads in buysell normal pages
2022-03-30 10:55:12,067 Adding 0 new ads to base data
2022-03-30 10:55:12,070 Extracting ad data from 2 potentially sold ads
2022-03-30 10:55:12,755 Found 1 sold ads, 1 removed ads
2022-03-30 10:55:16,260 *************Finished Category ['Wanted Ads']
2022-03-30 10:55:16,262 **************Starting Category ['Seatposts ( Dropper )'] - Number: 81. 62 Categories Scraped So Far
2022-03-30 10:55:16,855 Scraping 63 pages of ads......
2022-03-30 10:55:36,561 Extracting ad data from 1245 ads
2022-03-30 10:55:37,939 Checked up until ~ page: 1 of ads
2022-03-30 10:55:37,939 Found: 0 sold ads in buysell normal pages
2022-03-30 10:55:38,025 Adding 0 new ads to base data
2022-03-30 10:55:38,028 Extracting ad data from 11 potentially sold ads
2022-03-30 10:55:41,904 Found 11 sold ads, 0 removed ads
2022-03-30 10:55:44,513 *************Finished Category ['Seatposts ( Dropper )']
2022-03-30 10:55:44,514 **************Starting Category ['Grips'] - Number: 98. 63 Categories Scraped So Far
2022-03-30 10:55:45,208 Scraping 10 pages of ads......
2022-03-30 10:55:48,088 Extracting ad data from 183 ads
2022-03-30 10:55:53,588 Checked up until ~ page: 1 of ads
2022-03-30 10:55:53,588 Found: 0 sold ads in buysell normal pages
2022-03-30 10:55:53,665 Adding 0 new ads to base data
2022-03-30 10:55:53,667 Extracting ad data from 1 potentially sold ads
2022-03-30 10:55:54,015 Found 1 sold ads, 0 removed ads
2022-03-30 10:55:55,350 *************Finished Category ['Grips']
2022-03-30 10:55:55,351 **************Starting Category ['GPS/Speedometers'] - Number: 45. 64 Categories Scraped So Far
2022-03-30 10:55:55,938 Scraping 7 pages of ads......
2022-03-30 10:55:58,319 Extracting ad data from 136 ads
2022-03-30 10:55:59,008 Checked up until ~ page: 1 of ads
2022-03-30 10:55:59,009 Found: 0 sold ads in buysell normal pages
2022-03-30 10:55:59,105 Adding 0 new ads to base data
2022-03-30 10:55:59,108 Extracting ad data from 3 potentially sold ads
2022-03-30 10:56:00,202 Found 2 sold ads, 1 removed ads
2022-03-30 10:56:02,952 *************Finished Category ['GPS/Speedometers']
2022-03-30 10:56:02,954 **************Starting Category ['Clothes'] - Number: 42. 65 Categories Scraped So Far
2022-03-30 10:56:03,567 Scraping 50 pages of ads......
2022-03-30 10:56:18,643 Extracting ad data from 987 ads
2022-03-30 10:56:55,004 Checked up until ~ page: 6 of ads
2022-03-30 10:56:55,004 Found: 0 sold ads in buysell normal pages
2022-03-30 10:56:55,069 Adding 0 new ads to base data
2022-03-30 10:56:55,071 Extracting ad data from 3 potentially sold ads
2022-03-30 10:56:56,113 Found 3 sold ads, 0 removed ads
2022-03-30 10:56:57,631 *************Finished Category ['Clothes']
2022-03-30 10:56:57,632 **************Starting Category ['Spokes'] - Number: 97. 66 Categories Scraped So Far
2022-03-30 10:56:58,211 Scraping 2 pages of ads......
2022-03-30 10:56:58,777 Extracting ad data from 35 ads
2022-03-30 10:56:59,467 Checked up until ~ page: 1 of ads
2022-03-30 10:56:59,467 Found: 0 sold ads in buysell normal pages
2022-03-30 10:56:59,538 Adding 0 new ads to base data
2022-03-30 10:56:59,540 Extracting ad data from 0 potentially sold ads
2022-03-30 10:56:59,541 Found 0 sold ads, 0 removed ads
2022-03-30 10:57:00,793 *************Finished Category ['Spokes']
2022-03-30 10:57:00,794 **************Starting Category ['Brakes'] - Number: 15. 67 Categories Scraped So Far
2022-03-30 10:57:01,514 Scraping 72 pages of ads......
2022-03-30 10:57:23,181 Extracting ad data from 1421 ads
2022-03-30 10:57:31,492 Checked up until ~ page: 2 of ads
2022-03-30 10:57:31,492 Found: 0 sold ads in buysell normal pages
2022-03-30 10:57:32,852 Adding 2 new ads to base data
2022-03-30 10:57:32,854 Extracting ad data from 21 potentially sold ads
2022-03-30 10:57:40,302 Found 21 sold ads, 0 removed ads
2022-03-30 10:57:43,413 *************Finished Category ['Brakes']
2022-03-30 10:57:43,415 **************Starting Category ['Hubs'] - Number: 13. 68 Categories Scraped So Far
2022-03-30 10:57:44,009 Scraping 36 pages of ads......
2022-03-30 10:57:55,093 Extracting ad data from 701 ads
2022-03-30 10:57:57,565 Checked up until ~ page: 1 of ads
2022-03-30 10:57:57,565 Found: 0 sold ads in buysell normal pages
2022-03-30 10:57:57,665 Adding 0 new ads to base data
2022-03-30 10:57:57,667 Extracting ad data from 406 potentially sold ads
2022-03-30 11:00:20,140 Found 405 sold ads, 1 removed ads
2022-03-30 11:00:23,458 *************Finished Category ['Hubs']
2022-03-30 11:00:23,461 **************Starting Category ['BMX Wheels/Rims/Tires'] - Number: 56. 69 Categories Scraped So Far
2022-03-30 11:00:24,086 Scraping 2 pages of ads......
2022-03-30 11:00:24,688 Extracting ad data from 34 ads
2022-03-30 11:00:25,060 Checked up until ~ page: 1 of ads
2022-03-30 11:00:25,061 Found: 0 sold ads in buysell normal pages
2022-03-30 11:00:25,061 **************Starting Category ['DH Frames'] - Number: 5. 69 Categories Scraped So Far
2022-03-30 11:00:25,835 Scraping 10 pages of ads......
2022-03-30 11:00:28,937 Extracting ad data from 181 ads
2022-03-30 11:00:36,404 Checked up until ~ page: 2 of ads
2022-03-30 11:00:36,405 Found: 0 sold ads in buysell normal pages
2022-03-30 11:00:36,473 Adding 0 new ads to base data
2022-03-30 11:00:36,475 Extracting ad data from 7 potentially sold ads
2022-03-30 11:00:38,935 Found 7 sold ads, 0 removed ads
2022-03-30 11:00:40,222 *************Finished Category ['DH Frames']
2022-03-30 11:00:40,223 **************Starting Category ['Seatposts ( Fixed )'] - Number: 21. 70 Categories Scraped So Far
2022-03-30 11:00:40,826 Scraping 14 pages of ads......
2022-03-30 11:00:45,336 Extracting ad data from 270 ads
2022-03-30 11:00:46,383 Checked up until ~ page: 1 of ads
2022-03-30 11:00:46,383 Found: 0 sold ads in buysell normal pages
2022-03-30 11:00:46,461 Adding 0 new ads to base data
2022-03-30 11:00:46,464 Extracting ad data from 1 potentially sold ads
2022-03-30 11:00:46,816 Found 1 sold ads, 0 removed ads
2022-03-30 11:00:50,891 *************Finished Category ['Seatposts ( Fixed )']
2022-03-30 11:00:50,892 **************Starting Category ['Vintage Bikes'] - Number: 99. 71 Categories Scraped So Far
2022-03-30 11:00:51,606 Scraping 47 pages of ads......
2022-03-30 11:01:05,933 Extracting ad data from 932 ads
2022-03-30 11:01:07,698 Checked up until ~ page: 1 of ads
2022-03-30 11:01:07,699 Found: 0 sold ads in buysell normal pages
2022-03-30 11:01:09,093 Adding 3 new ads to base data
2022-03-30 11:01:09,097 Extracting ad data from 2 potentially sold ads
2022-03-30 11:01:09,770 Found 1 sold ads, 1 removed ads
2022-03-30 11:01:12,292 *************Finished Category ['Vintage Bikes']
2022-03-30 11:01:12,293 **************Starting Category ['Gravel/CX Bikes'] - Number: 77. 72 Categories Scraped So Far
2022-03-30 11:01:12,910 Scraping 53 pages of ads......
2022-03-30 11:01:30,304 Extracting ad data from 1055 ads
2022-03-30 11:01:31,358 Checked up until ~ page: 1 of ads
2022-03-30 11:01:31,359 Found: 0 sold ads in buysell normal pages
2022-03-30 11:01:31,434 Adding 0 new ads to base data
2022-03-30 11:01:31,437 Extracting ad data from 9 potentially sold ads
2022-03-30 11:01:34,626 Found 8 sold ads, 1 removed ads
2022-03-30 11:01:37,516 *************Finished Category ['Gravel/CX Bikes']
2022-03-30 11:01:37,518 **************Starting Category ['Pedals ( Clipless)'] - Number: 22. 73 Categories Scraped So Far
2022-03-30 11:01:38,173 Scraping 18 pages of ads......
2022-03-30 11:01:43,663 Extracting ad data from 341 ads
2022-03-30 11:01:44,716 Checked up until ~ page: 1 of ads
2022-03-30 11:01:44,716 Found: 0 sold ads in buysell normal pages
2022-03-30 11:01:44,810 Adding 0 new ads to base data
2022-03-30 11:01:44,812 Extracting ad data from 3 potentially sold ads
2022-03-30 11:01:45,873 Found 2 sold ads, 1 removed ads
2022-03-30 11:01:48,452 *************Finished Category ['Pedals ( Clipless)']
2022-03-30 11:01:48,454 **************Starting Category ['All Mountain/Enduro Bikes'] - Number: 2. 74 Categories Scraped So Far
2022-03-30 11:01:48,835 Some characters could not be decoded, and were replaced with REPLACEMENT CHARACTER.
2022-03-30 11:01:49,262 Scraping 581 pages of ads......
2022-03-30 11:04:53,115 Extracting ad data from 11601 ads
2022-03-30 11:05:00,905 Checked up until ~ page: 2 of ads
2022-03-30 11:05:00,905 Found: 0 sold ads in buysell normal pages
2022-03-30 11:05:02,474 Adding 4 new ads to base data
2022-03-30 11:05:02,484 Extracting ad data from 234 potentially sold ads
2022-03-30 11:06:25,579 Found 229 sold ads, 5 removed ads
2022-03-30 11:06:30,684 *************Finished Category ['All Mountain/Enduro Bikes']
2022-03-30 11:06:30,686 **************Starting Category ['BMX Brakes'] - Number: 62. 75 Categories Scraped So Far
2022-03-30 11:06:31,251 Scraping 1 pages of ads......
2022-03-30 11:06:31,778 Extracting ad data from 7 ads
2022-03-30 11:06:32,828 Checked up until ~ page: 1 of ads
2022-03-30 11:06:32,829 Found: 0 sold ads in buysell normal pages
2022-03-30 11:06:32,900 Adding 0 new ads to base data
2022-03-30 11:06:32,902 Extracting ad data from 0 potentially sold ads
2022-03-30 11:06:32,902 Found 0 sold ads, 0 removed ads
2022-03-30 11:06:32,916 *************Finished Category ['BMX Brakes']
2022-03-30 11:06:32,917 **************Starting Category ['DJ/Street/Park Frames'] - Number: 7. 76 Categories Scraped So Far
2022-03-30 11:06:33,518 Scraping 7 pages of ads......
2022-03-30 11:06:36,106 Extracting ad data from 139 ads
2022-03-30 11:06:39,746 Checked up until ~ page: 1 of ads
2022-03-30 11:06:39,747 Found: 0 sold ads in buysell normal pages
2022-03-30 11:06:39,818 Adding 0 new ads to base data
2022-03-30 11:06:39,820 Extracting ad data from 3 potentially sold ads
2022-03-30 11:06:40,912 Found 3 sold ads, 0 removed ads
2022-03-30 11:06:42,233 *************Finished Category ['DJ/Street/Park Frames']
2022-03-30 11:06:42,236 **************Starting Category ['Trials Frames'] - Number: 30. 77 Categories Scraped So Far
2022-03-30 11:06:42,789 Scraping 1 pages of ads......
2022-03-30 11:06:43,356 Extracting ad data from 4 ads
2022-03-30 11:06:44,061 Checked up until ~ page: 1 of ads
2022-03-30 11:06:44,061 Found: 0 sold ads in buysell normal pages
2022-03-30 11:06:44,128 Adding 0 new ads to base data
2022-03-30 11:06:44,130 Extracting ad data from 0 potentially sold ads
2022-03-30 11:06:44,131 Found 0 sold ads, 0 removed ads
2022-03-30 11:06:44,143 *************Finished Category ['Trials Frames']
2022-03-30 11:06:44,144 **************Starting Category ['Rear Shocks ( Coil )'] - Number: 83. 78 Categories Scraped So Far
2022-03-30 11:06:44,780 Scraping 15 pages of ads......
2022-03-30 11:06:49,885 Extracting ad data from 300 ads
2022-03-30 11:06:50,240 Checked up until ~ page: 1 of ads
2022-03-30 11:06:50,240 Found: 0 sold ads in buysell normal pages
2022-03-30 11:06:50,240 **************Starting Category ['XC Bikes'] - Number: 75. 78 Categories Scraped So Far
2022-03-30 11:06:51,033 Scraping 123 pages of ads......
2022-03-30 11:07:30,409 Extracting ad data from 2452 ads
2022-03-30 11:07:33,207 Checked up until ~ page: 1 of ads
2022-03-30 11:07:33,207 Found: 0 sold ads in buysell normal pages
2022-03-30 11:07:33,286 1 changes across 1 ads
2022-03-30 11:07:36,148 Adding 0 new ads to base data
2022-03-30 11:07:36,153 Extracting ad data from 39 potentially sold ads
2022-03-30 11:07:50,037 Found 38 sold ads, 1 removed ads
2022-03-30 11:07:52,737 *************Finished Category ['XC Bikes']
2022-03-30 11:07:52,739 **************Starting Category ['Road Parts'] - Number: 28. 79 Categories Scraped So Far
2022-03-30 11:07:53,332 Scraping 71 pages of ads......
2022-03-30 11:08:15,758 Extracting ad data from 1405 ads
2022-03-30 11:08:22,423 Checked up until ~ page: 1 of ads
2022-03-30 11:08:22,423 Found: 0 sold ads in buysell normal pages
2022-03-30 11:08:22,494 Adding 0 new ads to base data
2022-03-30 11:08:22,498 Extracting ad data from 6 potentially sold ads
2022-03-30 11:08:24,629 Found 6 sold ads, 0 removed ads
2022-03-30 11:08:27,392 *************Finished Category ['Road Parts']
2022-03-30 11:08:27,394 **************Starting Category ['Handle Bars ( 35 mm )'] - Number: 86. 80 Categories Scraped So Far
2022-03-30 11:08:28,138 Scraping 18 pages of ads......
2022-03-30 11:08:33,802 Extracting ad data from 358 ads
2022-03-30 11:08:34,834 Checked up until ~ page: 1 of ads
2022-03-30 11:08:34,834 Found: 0 sold ads in buysell normal pages
2022-03-30 11:08:34,895 Adding 0 new ads to base data
2022-03-30 11:08:34,897 Extracting ad data from 2 potentially sold ads
2022-03-30 11:08:35,599 Found 2 sold ads, 0 removed ads
2022-03-30 11:08:37,136 *************Finished Category ['Handle Bars ( 35 mm )']
2022-03-30 11:08:37,138 **************Starting Category ['DH Bikes'] - Number: 1. 81 Categories Scraped So Far
2022-03-30 11:08:37,756 Scraping 95 pages of ads......
2022-03-30 11:09:08,079 Extracting ad data from 1886 ads
2022-03-30 11:09:09,836 Checked up until ~ page: 1 of ads
2022-03-30 11:09:09,837 Found: 0 sold ads in buysell normal pages
2022-03-30 11:09:11,224 Adding 1 new ads to base data
2022-03-30 11:09:11,229 Extracting ad data from 29 potentially sold ads
2022-03-30 11:09:21,456 Found 26 sold ads, 3 removed ads
2022-03-30 11:09:24,406 *************Finished Category ['DH Bikes']
2022-03-30 11:09:24,407 **************Starting Category ['Bike Bags'] - Number: 67. 82 Categories Scraped So Far
2022-03-30 11:09:25,118 Scraping 10 pages of ads......
2022-03-30 11:09:28,182 Extracting ad data from 194 ads
2022-03-30 11:09:28,544 Checked up until ~ page: 1 of ads
2022-03-30 11:09:28,545 Found: 0 sold ads in buysell normal pages
2022-03-30 11:09:28,545 **************Starting Category ['BMX Hubs'] - Number: 60. 82 Categories Scraped So Far
2022-03-30 11:09:29,094 Scraping 1 pages of ads......
2022-03-30 11:09:29,628 Extracting ad data from 11 ads
2022-03-30 11:09:29,989 Checked up until ~ page: 1 of ads
2022-03-30 11:09:29,990 Found: 0 sold ads in buysell normal pages
2022-03-30 11:09:29,990 **************Starting Category ['Trucks/Cars'] - Number: 37. 82 Categories Scraped So Far
2022-03-30 11:09:30,564 Scraping 1 pages of ads......
2022-03-30 11:09:31,152 Extracting ad data from 18 ads
2022-03-30 11:09:31,513 Checked up until ~ page: 1 of ads
2022-03-30 11:09:31,513 Found: 0 sold ads in buysell normal pages
2022-03-30 11:09:31,514 **************Starting Category ['Chain Guides'] - Number: 93. 82 Categories Scraped So Far
2022-03-30 11:09:32,100 Scraping 9 pages of ads......
2022-03-30 11:09:35,070 Extracting ad data from 174 ads
2022-03-30 11:10:00,273 Checked up until ~ page: 4 of ads
2022-03-30 11:10:00,274 Found: 0 sold ads in buysell normal pages
2022-03-30 11:10:01,818 Adding 1 new ads to base data
2022-03-30 11:10:01,822 Extracting ad data from 0 potentially sold ads
2022-03-30 11:10:01,823 Found 0 sold ads, 0 removed ads
2022-03-30 11:10:01,846 *************Finished Category ['Chain Guides']
2022-03-30 11:10:01,847 **************Starting Category ['Trainers / Rollers'] - Number: 101. 83 Categories Scraped So Far
2022-03-30 11:10:02,557 Scraping 18 pages of ads......
2022-03-30 11:10:08,167 Extracting ad data from 350 ads
2022-03-30 11:10:08,528 Checked up until ~ page: 1 of ads
2022-03-30 11:10:08,529 Found: 0 sold ads in buysell normal pages
2022-03-30 11:10:08,530 **************Starting Category ['Kids Bikes'] - Number: 4. 83 Categories Scraped So Far
2022-03-30 11:10:09,284 Scraping 40 pages of ads......
2022-03-30 11:10:21,835 Extracting ad data from 782 ads
2022-03-30 11:10:22,902 Checked up until ~ page: 1 of ads
2022-03-30 11:10:22,902 Found: 0 sold ads in buysell normal pages
2022-03-30 11:10:22,970 Adding 0 new ads to base data
2022-03-30 11:10:22,972 Extracting ad data from 10 potentially sold ads
2022-03-30 11:10:26,504 Found 9 sold ads, 1 removed ads
2022-03-30 11:10:29,055 *************Finished Category ['Kids Bikes']
2022-03-30 11:10:29,055 ######## Finished scrape session #########
